{"/home/lamouchefatale/Desktop/families-share-deploy/src/index.js":{"path":"/home/lamouchefatale/Desktop/families-share-deploy/src/index.js","statementMap":{"0":{"start":{"line":1,"column":0},"end":{"line":1,"column":27}},"1":{"start":{"line":2,"column":16},"end":{"line":2,"column":34}},"2":{"start":{"line":3,"column":13},"end":{"line":3,"column":28}},"3":{"start":{"line":4,"column":19},"end":{"line":4,"column":41}},"4":{"start":{"line":5,"column":17},"end":{"line":5,"column":36}},"5":{"start":{"line":6,"column":15},"end":{"line":6,"column":32}},"6":{"start":{"line":7,"column":14},"end":{"line":7,"column":30}},"7":{"start":{"line":8,"column":12},"end":{"line":8,"column":35}},"8":{"start":{"line":9,"column":20},"end":{"line":9,"column":42}},"9":{"start":{"line":11,"column":13},"end":{"line":11,"column":43}},"10":{"start":{"line":12,"column":15},"end":{"line":12,"column":32}},"11":{"start":{"line":14,"column":15},"end":{"line":14,"column":42}},"12":{"start":{"line":15,"column":0},"end":{"line":15,"column":37}},"13":{"start":{"line":16,"column":0},"end":{"line":16,"column":38}},"14":{"start":{"line":17,"column":0},"end":{"line":17,"column":38}},"15":{"start":{"line":18,"column":0},"end":{"line":18,"column":34}},"16":{"start":{"line":20,"column":12},"end":{"line":20,"column":21}},"17":{"start":{"line":22,"column":0},"end":{"line":32,"column":3}},"18":{"start":{"line":23,"column":2},"end":{"line":31,"column":3}},"19":{"start":{"line":24,"column":18},"end":{"line":24,"column":43}},"20":{"start":{"line":25,"column":31},"end":{"line":25,"column":81}},"21":{"start":{"line":26,"column":4},"end":{"line":26,"column":26}},"22":{"start":{"line":27,"column":4},"end":{"line":27,"column":22}},"23":{"start":{"line":28,"column":4},"end":{"line":28,"column":22}},"24":{"start":{"line":30,"column":4},"end":{"line":30,"column":22}},"25":{"start":{"line":33,"column":0},"end":{"line":33,"column":23}},"26":{"start":{"line":34,"column":0},"end":{"line":36,"column":1}},"27":{"start":{"line":35,"column":2},"end":{"line":35,"column":25}},"28":{"start":{"line":37,"column":0},"end":{"line":37,"column":27}},"29":{"start":{"line":38,"column":0},"end":{"line":38,"column":51}},"30":{"start":{"line":39,"column":0},"end":{"line":39,"column":65}},"31":{"start":{"line":40,"column":0},"end":{"line":40,"column":70}},"32":{"start":{"line":43,"column":0},"end":{"line":43,"column":53}},"33":{"start":{"line":44,"column":0},"end":{"line":44,"column":51}},"34":{"start":{"line":45,"column":0},"end":{"line":45,"column":57}},"35":{"start":{"line":46,"column":0},"end":{"line":46,"column":55}},"36":{"start":{"line":48,"column":0},"end":{"line":50,"column":3}},"37":{"start":{"line":49,"column":2},"end":{"line":49,"column":80}},"38":{"start":{"line":52,"column":0},"end":{"line":52,"column":69}},"39":{"start":{"line":52,"column":27},"end":{"line":52,"column":67}},"40":{"start":{"line":54,"column":15},"end":{"line":56,"column":2}},"41":{"start":{"line":55,"column":2},"end":{"line":55,"column":80}},"42":{"start":{"line":58,"column":0},"end":{"line":61,"column":3}},"43":{"start":{"line":59,"column":2},"end":{"line":59,"column":27}},"44":{"start":{"line":60,"column":2},"end":{"line":60,"column":48}},"45":{"start":{"line":63,"column":0},"end":{"line":63,"column":24}}},"fnMap":{"0":{"name":"(anonymous_0)","decl":{"start":{"line":22,"column":8},"end":{"line":22,"column":9}},"loc":{"start":{"line":22,"column":23},"end":{"line":32,"column":1}},"line":22},"1":{"name":"(anonymous_1)","decl":{"start":{"line":48,"column":14},"end":{"line":48,"column":15}},"loc":{"start":{"line":48,"column":28},"end":{"line":50,"column":1}},"line":48},"2":{"name":"(anonymous_2)","decl":{"start":{"line":52,"column":13},"end":{"line":52,"column":14}},"loc":{"start":{"line":52,"column":27},"end":{"line":52,"column":67}},"line":52},"3":{"name":"(anonymous_3)","decl":{"start":{"line":54,"column":32},"end":{"line":54,"column":33}},"loc":{"start":{"line":54,"column":38},"end":{"line":56,"column":1}},"line":54},"4":{"name":"(anonymous_4)","decl":{"start":{"line":58,"column":8},"end":{"line":58,"column":9}},"loc":{"start":{"line":58,"column":33},"end":{"line":61,"column":1}},"line":58}},"branchMap":{"0":{"loc":{"start":{"line":34,"column":0},"end":{"line":36,"column":1}},"type":"if","locations":[{"start":{"line":34,"column":0},"end":{"line":36,"column":1}},{"start":{"line":34,"column":0},"end":{"line":36,"column":1}}],"line":34}},"s":{"0":1,"1":1,"2":1,"3":1,"4":1,"5":1,"6":1,"7":1,"8":1,"9":1,"10":1,"11":1,"12":1,"13":1,"14":1,"15":1,"16":1,"17":1,"18":207,"19":207,"20":207,"21":148,"22":148,"23":148,"24":59,"25":1,"26":1,"27":0,"28":1,"29":1,"30":1,"31":1,"32":1,"33":1,"34":1,"35":1,"36":1,"37":0,"38":1,"39":0,"40":1,"41":1,"42":1,"43":0,"44":0,"45":1},"f":{"0":207,"1":0,"2":0,"3":1,"4":0},"b":{"0":[0,1]},"_coverageSchema":"43e27e138ebf9cfc5966b082cf9a028302ed4184","hash":"e54c0b5cd5f30269841b416437f1b025cc29e8cc","contentHash":"40d27e334bfbc5de91526ff3deb741f7a1dc2d2f93c8f5054e4a4e8e666831d6"},"/home/lamouchefatale/Desktop/families-share-deploy/src/routes/group-routes.js":{"path":"/home/lamouchefatale/Desktop/families-share-deploy/src/routes/group-routes.js","statementMap":{"0":{"start":{"line":1,"column":16},"end":{"line":1,"column":34}},"1":{"start":{"line":3,"column":15},"end":{"line":3,"column":35}},"2":{"start":{"line":4,"column":15},"end":{"line":4,"column":32}},"3":{"start":{"line":5,"column":17},"end":{"line":5,"column":36}},"4":{"start":{"line":6,"column":11},"end":{"line":6,"column":33}},"5":{"start":{"line":7,"column":19},"end":{"line":7,"column":40}},"6":{"start":{"line":8,"column":15},"end":{"line":8,"column":32}},"7":{"start":{"line":10,"column":15},"end":{"line":10,"column":57}},"8":{"start":{"line":11,"column":12},"end":{"line":11,"column":132}},"9":{"start":{"line":12,"column":13},"end":{"line":12,"column":28}},"10":{"start":{"line":13,"column":14},"end":{"line":13,"column":30}},"11":{"start":{"line":14,"column":19},"end":{"line":14,"column":40}},"12":{"start":{"line":15,"column":11},"end":{"line":15,"column":54}},"13":{"start":{"line":16,"column":14},"end":{"line":16,"column":56}},"14":{"start":{"line":17,"column":23},"end":{"line":17,"column":74}},"15":{"start":{"line":18,"column":20},"end":{"line":18,"column":63}},"16":{"start":{"line":19,"column":11},"end":{"line":19,"column":62}},"17":{"start":{"line":21,"column":17},"end":{"line":24,"column":2}},"18":{"start":{"line":26,"column":20},"end":{"line":35,"column":2}},"19":{"start":{"line":37,"column":21},"end":{"line":46,"column":2}},"20":{"start":{"line":39,"column":4},"end":{"line":39,"column":58}},"21":{"start":{"line":42,"column":21},"end":{"line":42,"column":130}},"22":{"start":{"line":43,"column":4},"end":{"line":43,"column":79}},"23":{"start":{"line":44,"column":4},"end":{"line":44,"column":23}},"24":{"start":{"line":47,"column":20},"end":{"line":47,"column":53}},"25":{"start":{"line":49,"column":28},"end":{"line":59,"column":2}},"26":{"start":{"line":51,"column":4},"end":{"line":51,"column":65}},"27":{"start":{"line":54,"column":4},"end":{"line":56,"column":5}},"28":{"start":{"line":55,"column":6},"end":{"line":55,"column":46}},"29":{"start":{"line":57,"column":4},"end":{"line":57,"column":137}},"30":{"start":{"line":60,"column":27},"end":{"line":60,"column":67}},"31":{"start":{"line":62,"column":14},"end":{"line":62,"column":40}},"32":{"start":{"line":63,"column":14},"end":{"line":63,"column":40}},"33":{"start":{"line":64,"column":23},"end":{"line":64,"column":58}},"34":{"start":{"line":65,"column":15},"end":{"line":65,"column":42}},"35":{"start":{"line":66,"column":14},"end":{"line":66,"column":40}},"36":{"start":{"line":67,"column":21},"end":{"line":67,"column":54}},"37":{"start":{"line":68,"column":21},"end":{"line":68,"column":54}},"38":{"start":{"line":69,"column":15},"end":{"line":69,"column":42}},"39":{"start":{"line":70,"column":17},"end":{"line":70,"column":46}},"40":{"start":{"line":71,"column":12},"end":{"line":71,"column":36}},"41":{"start":{"line":72,"column":14},"end":{"line":72,"column":40}},"42":{"start":{"line":73,"column":16},"end":{"line":73,"column":44}},"43":{"start":{"line":74,"column":13},"end":{"line":74,"column":38}},"44":{"start":{"line":76,"column":0},"end":{"line":128,"column":3}},"45":{"start":{"line":77,"column":2},"end":{"line":77,"column":69}},"46":{"start":{"line":77,"column":20},"end":{"line":77,"column":69}},"47":{"start":{"line":78,"column":20},"end":{"line":78,"column":23}},"48":{"start":{"line":79,"column":2},"end":{"line":81,"column":3}},"49":{"start":{"line":80,"column":4},"end":{"line":80,"column":47}},"50":{"start":{"line":82,"column":2},"end":{"line":127,"column":3}},"51":{"start":{"line":84,"column":6},"end":{"line":101,"column":19}},"52":{"start":{"line":86,"column":5},"end":{"line":88,"column":6}},"53":{"start":{"line":87,"column":6},"end":{"line":87,"column":66}},"54":{"start":{"line":89,"column":22},"end":{"line":89,"column":24}},"55":{"start":{"line":90,"column":5},"end":{"line":90,"column":67}},"56":{"start":{"line":90,"column":36},"end":{"line":90,"column":65}},"57":{"start":{"line":91,"column":5},"end":{"line":100,"column":9}},"58":{"start":{"line":96,"column":7},"end":{"line":98,"column":8}},"59":{"start":{"line":97,"column":8},"end":{"line":97,"column":60}},"60":{"start":{"line":99,"column":7},"end":{"line":99,"column":31}},"61":{"start":{"line":102,"column":3},"end":{"line":102,"column":9}},"62":{"start":{"line":104,"column":20},"end":{"line":104,"column":33}},"63":{"start":{"line":105,"column":3},"end":{"line":114,"column":19}},"64":{"start":{"line":110,"column":5},"end":{"line":112,"column":6}},"65":{"start":{"line":111,"column":6},"end":{"line":111,"column":58}},"66":{"start":{"line":113,"column":5},"end":{"line":113,"column":29}},"67":{"start":{"line":115,"column":3},"end":{"line":115,"column":9}},"68":{"start":{"line":117,"column":3},"end":{"line":123,"column":18}},"69":{"start":{"line":119,"column":5},"end":{"line":121,"column":6}},"70":{"start":{"line":120,"column":6},"end":{"line":120,"column":58}},"71":{"start":{"line":122,"column":5},"end":{"line":122,"column":29}},"72":{"start":{"line":124,"column":3},"end":{"line":124,"column":9}},"73":{"start":{"line":126,"column":3},"end":{"line":126,"column":38}},"74":{"start":{"line":130,"column":0},"end":{"line":196,"column":3}},"75":{"start":{"line":131,"column":2},"end":{"line":131,"column":73}},"76":{"start":{"line":131,"column":22},"end":{"line":131,"column":71}},"77":{"start":{"line":134,"column":6},"end":{"line":134,"column":14}},"78":{"start":{"line":135,"column":2},"end":{"line":137,"column":3}},"79":{"start":{"line":136,"column":4},"end":{"line":136,"column":31}},"80":{"start":{"line":138,"column":19},"end":{"line":138,"column":29}},"81":{"start":{"line":139,"column":19},"end":{"line":139,"column":29}},"82":{"start":{"line":140,"column":22},"end":{"line":140,"column":32}},"83":{"start":{"line":141,"column":17},"end":{"line":145,"column":3}},"84":{"start":{"line":146,"column":16},"end":{"line":155,"column":3}},"85":{"start":{"line":156,"column":16},"end":{"line":162,"column":3}},"86":{"start":{"line":163,"column":19},"end":{"line":168,"column":3}},"87":{"start":{"line":169,"column":18},"end":{"line":175,"column":4}},"88":{"start":{"line":176,"column":2},"end":{"line":184,"column":5}},"89":{"start":{"line":177,"column":4},"end":{"line":183,"column":7}},"90":{"start":{"line":185,"column":2},"end":{"line":195,"column":3}},"91":{"start":{"line":186,"column":21},"end":{"line":186,"column":74}},"92":{"start":{"line":187,"column":4},"end":{"line":187,"column":41}},"93":{"start":{"line":188,"column":4},"end":{"line":188,"column":33}},"94":{"start":{"line":189,"column":4},"end":{"line":189,"column":30}},"95":{"start":{"line":190,"column":4},"end":{"line":190,"column":30}},"96":{"start":{"line":191,"column":4},"end":{"line":191,"column":42}},"97":{"start":{"line":192,"column":4},"end":{"line":192,"column":42}},"98":{"start":{"line":194,"column":4},"end":{"line":194,"column":14}},"99":{"start":{"line":198,"column":0},"end":{"line":214,"column":3}},"100":{"start":{"line":199,"column":2},"end":{"line":213,"column":17}},"101":{"start":{"line":200,"column":4},"end":{"line":202,"column":5}},"102":{"start":{"line":201,"column":6},"end":{"line":201,"column":63}},"103":{"start":{"line":203,"column":28},"end":{"line":203,"column":65}},"104":{"start":{"line":204,"column":24},"end":{"line":204,"column":26}},"105":{"start":{"line":205,"column":4},"end":{"line":208,"column":5}},"106":{"start":{"line":205,"column":17},"end":{"line":205,"column":34}},"107":{"start":{"line":206,"column":16},"end":{"line":206,"column":51}},"108":{"start":{"line":207,"column":6},"end":{"line":207,"column":54}},"109":{"start":{"line":209,"column":4},"end":{"line":211,"column":5}},"110":{"start":{"line":209,"column":17},"end":{"line":209,"column":18}},"111":{"start":{"line":210,"column":6},"end":{"line":210,"column":43}},"112":{"start":{"line":212,"column":4},"end":{"line":212,"column":26}},"113":{"start":{"line":216,"column":0},"end":{"line":228,"column":3}},"114":{"start":{"line":217,"column":17},"end":{"line":217,"column":27}},"115":{"start":{"line":218,"column":2},"end":{"line":227,"column":17}},"116":{"start":{"line":222,"column":6},"end":{"line":224,"column":7}},"117":{"start":{"line":223,"column":8},"end":{"line":223,"column":55}},"118":{"start":{"line":225,"column":6},"end":{"line":225,"column":22}},"119":{"start":{"line":230,"column":0},"end":{"line":250,"column":3}},"120":{"start":{"line":231,"column":2},"end":{"line":231,"column":73}},"121":{"start":{"line":231,"column":22},"end":{"line":231,"column":71}},"122":{"start":{"line":232,"column":17},"end":{"line":232,"column":27}},"123":{"start":{"line":233,"column":23},"end":{"line":235,"column":4}},"124":{"start":{"line":236,"column":2},"end":{"line":238,"column":3}},"125":{"start":{"line":237,"column":4},"end":{"line":237,"column":48}},"126":{"start":{"line":239,"column":2},"end":{"line":241,"column":3}},"127":{"start":{"line":240,"column":4},"end":{"line":240,"column":48}},"128":{"start":{"line":242,"column":2},"end":{"line":249,"column":34}},"129":{"start":{"line":243,"column":18},"end":{"line":243,"column":64}},"130":{"start":{"line":244,"column":4},"end":{"line":244,"column":71}},"131":{"start":{"line":245,"column":4},"end":{"line":245,"column":46}},"132":{"start":{"line":246,"column":4},"end":{"line":246,"column":53}},"133":{"start":{"line":247,"column":4},"end":{"line":247,"column":66}},"134":{"start":{"line":248,"column":4},"end":{"line":248,"column":46}},"135":{"start":{"line":249,"column":20},"end":{"line":249,"column":32}},"136":{"start":{"line":252,"column":0},"end":{"line":299,"column":3}},"137":{"start":{"line":253,"column":2},"end":{"line":253,"column":73}},"138":{"start":{"line":253,"column":22},"end":{"line":253,"column":71}},"139":{"start":{"line":254,"column":19},"end":{"line":254,"column":22}},"140":{"start":{"line":255,"column":17},"end":{"line":255,"column":27}},"141":{"start":{"line":258,"column":6},"end":{"line":258,"column":14}},"142":{"start":{"line":259,"column":2},"end":{"line":261,"column":3}},"143":{"start":{"line":260,"column":4},"end":{"line":260,"column":47}},"144":{"start":{"line":262,"column":24},"end":{"line":262,"column":35}},"145":{"start":{"line":263,"column":21},"end":{"line":268,"column":3}},"146":{"start":{"line":269,"column":2},"end":{"line":298,"column":3}},"147":{"start":{"line":270,"column":25},"end":{"line":272,"column":6}},"148":{"start":{"line":273,"column":4},"end":{"line":275,"column":5}},"149":{"start":{"line":274,"column":6},"end":{"line":274,"column":50}},"150":{"start":{"line":276,"column":4},"end":{"line":278,"column":5}},"151":{"start":{"line":277,"column":6},"end":{"line":277,"column":50}},"152":{"start":{"line":279,"column":4},"end":{"line":279,"column":56}},"153":{"start":{"line":280,"column":4},"end":{"line":280,"column":68}},"154":{"start":{"line":281,"column":4},"end":{"line":294,"column":5}},"155":{"start":{"line":282,"column":23},"end":{"line":282,"column":47}},"156":{"start":{"line":283,"column":25},"end":{"line":286,"column":7}},"157":{"start":{"line":287,"column":6},"end":{"line":292,"column":93}},"158":{"start":{"line":293,"column":6},"end":{"line":293,"column":79}},"159":{"start":{"line":295,"column":4},"end":{"line":295,"column":42}},"160":{"start":{"line":297,"column":4},"end":{"line":297,"column":14}},"161":{"start":{"line":301,"column":0},"end":{"line":320,"column":3}},"162":{"start":{"line":302,"column":2},"end":{"line":302,"column":73}},"163":{"start":{"line":302,"column":22},"end":{"line":302,"column":71}},"164":{"start":{"line":303,"column":17},"end":{"line":303,"column":27}},"165":{"start":{"line":304,"column":24},"end":{"line":304,"column":32}},"166":{"start":{"line":305,"column":2},"end":{"line":319,"column":3}},"167":{"start":{"line":306,"column":25},"end":{"line":308,"column":6}},"168":{"start":{"line":309,"column":4},"end":{"line":311,"column":5}},"169":{"start":{"line":310,"column":6},"end":{"line":310,"column":50}},"170":{"start":{"line":312,"column":4},"end":{"line":314,"column":5}},"171":{"start":{"line":313,"column":6},"end":{"line":313,"column":50}},"172":{"start":{"line":315,"column":4},"end":{"line":315,"column":68}},"173":{"start":{"line":316,"column":4},"end":{"line":316,"column":45}},"174":{"start":{"line":318,"column":4},"end":{"line":318,"column":16}},"175":{"start":{"line":322,"column":0},"end":{"line":330,"column":3}},"176":{"start":{"line":323,"column":17},"end":{"line":323,"column":27}},"177":{"start":{"line":324,"column":2},"end":{"line":329,"column":17}},"178":{"start":{"line":325,"column":4},"end":{"line":327,"column":5}},"179":{"start":{"line":326,"column":6},"end":{"line":326,"column":62}},"180":{"start":{"line":328,"column":4},"end":{"line":328,"column":23}},"181":{"start":{"line":332,"column":0},"end":{"line":340,"column":3}},"182":{"start":{"line":333,"column":17},"end":{"line":333,"column":27}},"183":{"start":{"line":334,"column":2},"end":{"line":339,"column":17}},"184":{"start":{"line":335,"column":4},"end":{"line":337,"column":5}},"185":{"start":{"line":336,"column":6},"end":{"line":336,"column":58}},"186":{"start":{"line":338,"column":4},"end":{"line":338,"column":22}},"187":{"start":{"line":342,"column":0},"end":{"line":377,"column":3}},"188":{"start":{"line":343,"column":2},"end":{"line":343,"column":73}},"189":{"start":{"line":343,"column":22},"end":{"line":343,"column":71}},"190":{"start":{"line":344,"column":19},"end":{"line":344,"column":32}},"191":{"start":{"line":345,"column":16},"end":{"line":345,"column":30}},"192":{"start":{"line":346,"column":17},"end":{"line":346,"column":28}},"193":{"start":{"line":347,"column":2},"end":{"line":376,"column":17}},"194":{"start":{"line":350,"column":4},"end":{"line":352,"column":5}},"195":{"start":{"line":351,"column":6},"end":{"line":351,"column":50}},"196":{"start":{"line":353,"column":4},"end":{"line":355,"column":5}},"197":{"start":{"line":354,"column":6},"end":{"line":354,"column":50}},"198":{"start":{"line":356,"column":4},"end":{"line":358,"column":3}},"199":{"start":{"line":357,"column":6},"end":{"line":357,"column":49}},"200":{"start":{"line":359,"column":4},"end":{"line":375,"column":9}},"201":{"start":{"line":361,"column":22},"end":{"line":361,"column":24}},"202":{"start":{"line":362,"column":8},"end":{"line":373,"column":9}},"203":{"start":{"line":363,"column":10},"end":{"line":368,"column":11}},"204":{"start":{"line":364,"column":12},"end":{"line":364,"column":56}},"205":{"start":{"line":365,"column":12},"end":{"line":365,"column":42}},"206":{"start":{"line":367,"column":12},"end":{"line":367,"column":40}},"207":{"start":{"line":369,"column":15},"end":{"line":373,"column":9}},"208":{"start":{"line":370,"column":10},"end":{"line":370,"column":34}},"209":{"start":{"line":372,"column":10},"end":{"line":372,"column":36}},"210":{"start":{"line":374,"column":8},"end":{"line":374,"column":38}},"211":{"start":{"line":379,"column":0},"end":{"line":423,"column":3}},"212":{"start":{"line":380,"column":2},"end":{"line":380,"column":73}},"213":{"start":{"line":380,"column":22},"end":{"line":380,"column":71}},"214":{"start":{"line":381,"column":19},"end":{"line":381,"column":32}},"215":{"start":{"line":382,"column":18},"end":{"line":382,"column":30}},"216":{"start":{"line":383,"column":23},"end":{"line":385,"column":4}},"217":{"start":{"line":386,"column":2},"end":{"line":388,"column":3}},"218":{"start":{"line":387,"column":4},"end":{"line":387,"column":48}},"219":{"start":{"line":389,"column":2},"end":{"line":391,"column":3}},"220":{"start":{"line":390,"column":4},"end":{"line":390,"column":48}},"221":{"start":{"line":392,"column":2},"end":{"line":394,"column":3}},"222":{"start":{"line":393,"column":4},"end":{"line":393,"column":47}},"223":{"start":{"line":395,"column":2},"end":{"line":422,"column":2}},"224":{"start":{"line":396,"column":21},"end":{"line":396,"column":62}},"225":{"start":{"line":397,"column":29},"end":{"line":397,"column":66}},"226":{"start":{"line":397,"column":51},"end":{"line":397,"column":65}},"227":{"start":{"line":398,"column":18},"end":{"line":398,"column":51}},"228":{"start":{"line":399,"column":19},"end":{"line":399,"column":80}},"229":{"start":{"line":400,"column":17},"end":{"line":400,"column":108}},"230":{"start":{"line":400,"column":53},"end":{"line":400,"column":107}},"231":{"start":{"line":401,"column":2},"end":{"line":406,"column":5}},"232":{"start":{"line":402,"column":21},"end":{"line":402,"column":72}},"233":{"start":{"line":403,"column":3},"end":{"line":403,"column":100}},"234":{"start":{"line":403,"column":83},"end":{"line":403,"column":97}},"235":{"start":{"line":404,"column":23},"end":{"line":404,"column":75}},"236":{"start":{"line":405,"column":3},"end":{"line":405,"column":124}},"237":{"start":{"line":405,"column":86},"end":{"line":405,"column":121}},"238":{"start":{"line":407,"column":2},"end":{"line":417,"column":6}},"239":{"start":{"line":408,"column":25},"end":{"line":415,"column":4}},"240":{"start":{"line":416,"column":3},"end":{"line":416,"column":104}},"241":{"start":{"line":418,"column":2},"end":{"line":418,"column":48}},"242":{"start":{"line":419,"column":2},"end":{"line":419,"column":50}},"243":{"start":{"line":421,"column":2},"end":{"line":421,"column":14}},"244":{"start":{"line":425,"column":0},"end":{"line":463,"column":3}},"245":{"start":{"line":426,"column":2},"end":{"line":426,"column":73}},"246":{"start":{"line":426,"column":22},"end":{"line":426,"column":71}},"247":{"start":{"line":427,"column":19},"end":{"line":427,"column":32}},"248":{"start":{"line":428,"column":18},"end":{"line":428,"column":36}},"249":{"start":{"line":429,"column":2},"end":{"line":462,"column":3}},"250":{"start":{"line":430,"column":25},"end":{"line":432,"column":6}},"251":{"start":{"line":433,"column":4},"end":{"line":435,"column":5}},"252":{"start":{"line":434,"column":6},"end":{"line":434,"column":55}},"253":{"start":{"line":436,"column":4},"end":{"line":438,"column":5}},"254":{"start":{"line":437,"column":6},"end":{"line":437,"column":55}},"255":{"start":{"line":439,"column":4},"end":{"line":441,"column":5}},"256":{"start":{"line":440,"column":6},"end":{"line":440,"column":49}},"257":{"start":{"line":442,"column":20},"end":{"line":442,"column":78}},"258":{"start":{"line":443,"column":4},"end":{"line":449,"column":5}},"259":{"start":{"line":444,"column":6},"end":{"line":444,"column":57}},"260":{"start":{"line":445,"column":6},"end":{"line":448,"column":7}},"261":{"start":{"line":446,"column":8},"end":{"line":446,"column":37}},"262":{"start":{"line":447,"column":8},"end":{"line":447,"column":28}},"263":{"start":{"line":450,"column":4},"end":{"line":458,"column":7}},"264":{"start":{"line":451,"column":25},"end":{"line":457,"column":7}},"265":{"start":{"line":459,"column":4},"end":{"line":459,"column":44}},"266":{"start":{"line":461,"column":4},"end":{"line":461,"column":16}},"267":{"start":{"line":465,"column":0},"end":{"line":486,"column":3}},"268":{"start":{"line":466,"column":16},"end":{"line":466,"column":26}},"269":{"start":{"line":467,"column":2},"end":{"line":485,"column":17}},"270":{"start":{"line":468,"column":4},"end":{"line":470,"column":5}},"271":{"start":{"line":469,"column":6},"end":{"line":469,"column":58}},"272":{"start":{"line":471,"column":22},"end":{"line":471,"column":59}},"273":{"start":{"line":471,"column":44},"end":{"line":471,"column":58}},"274":{"start":{"line":472,"column":4},"end":{"line":484,"column":9}},"275":{"start":{"line":474,"column":8},"end":{"line":476,"column":9}},"276":{"start":{"line":475,"column":10},"end":{"line":475,"column":59}},"277":{"start":{"line":477,"column":23},"end":{"line":477,"column":25}},"278":{"start":{"line":478,"column":8},"end":{"line":482,"column":11}},"279":{"start":{"line":479,"column":10},"end":{"line":481,"column":11}},"280":{"start":{"line":480,"column":12},"end":{"line":480,"column":41}},"281":{"start":{"line":483,"column":8},"end":{"line":483,"column":25}},"282":{"start":{"line":488,"column":0},"end":{"line":511,"column":3}},"283":{"start":{"line":489,"column":1},"end":{"line":489,"column":72}},"284":{"start":{"line":489,"column":21},"end":{"line":489,"column":70}},"285":{"start":{"line":490,"column":16},"end":{"line":490,"column":26}},"286":{"start":{"line":491,"column":1},"end":{"line":510,"column":2}},"287":{"start":{"line":492,"column":17},"end":{"line":494,"column":4}},"288":{"start":{"line":495,"column":2},"end":{"line":497,"column":3}},"289":{"start":{"line":496,"column":3},"end":{"line":496,"column":47}},"290":{"start":{"line":498,"column":15},"end":{"line":498,"column":57}},"291":{"start":{"line":499,"column":24},"end":{"line":499,"column":86}},"292":{"start":{"line":500,"column":2},"end":{"line":502,"column":3}},"293":{"start":{"line":501,"column":3},"end":{"line":501,"column":61}},"294":{"start":{"line":503,"column":2},"end":{"line":506,"column":3}},"295":{"start":{"line":504,"column":3},"end":{"line":504,"column":91}},"296":{"start":{"line":505,"column":3},"end":{"line":505,"column":95}},"297":{"start":{"line":507,"column":2},"end":{"line":507,"column":17}},"298":{"start":{"line":509,"column":2},"end":{"line":509,"column":14}},"299":{"start":{"line":513,"column":0},"end":{"line":526,"column":3}},"300":{"start":{"line":528,"column":0},"end":{"line":550,"column":3}},"301":{"start":{"line":529,"column":1},"end":{"line":529,"column":72}},"302":{"start":{"line":529,"column":21},"end":{"line":529,"column":70}},"303":{"start":{"line":530,"column":18},"end":{"line":530,"column":31}},"304":{"start":{"line":531,"column":17},"end":{"line":531,"column":28}},"305":{"start":{"line":532,"column":1},"end":{"line":549,"column":1}},"306":{"start":{"line":533,"column":16},"end":{"line":533,"column":49}},"307":{"start":{"line":534,"column":2},"end":{"line":536,"column":3}},"308":{"start":{"line":535,"column":3},"end":{"line":535,"column":53}},"309":{"start":{"line":537,"column":17},"end":{"line":537,"column":104}},"310":{"start":{"line":538,"column":2},"end":{"line":540,"column":3}},"311":{"start":{"line":539,"column":3},"end":{"line":539,"column":47}},"312":{"start":{"line":541,"column":15},"end":{"line":541,"column":76}},"313":{"start":{"line":542,"column":17},"end":{"line":542,"column":100}},"314":{"start":{"line":542,"column":49},"end":{"line":542,"column":99}},"315":{"start":{"line":543,"column":2},"end":{"line":545,"column":3}},"316":{"start":{"line":544,"column":3},"end":{"line":544,"column":54}},"317":{"start":{"line":546,"column":2},"end":{"line":546,"column":19}},"318":{"start":{"line":548,"column":2},"end":{"line":548,"column":14}},"319":{"start":{"line":552,"column":0},"end":{"line":601,"column":3}},"320":{"start":{"line":553,"column":1},"end":{"line":553,"column":72}},"321":{"start":{"line":553,"column":21},"end":{"line":553,"column":70}},"322":{"start":{"line":554,"column":18},"end":{"line":554,"column":31}},"323":{"start":{"line":555,"column":17},"end":{"line":555,"column":28}},"324":{"start":{"line":556,"column":1},"end":{"line":600,"column":2}},"325":{"start":{"line":557,"column":16},"end":{"line":557,"column":49}},"326":{"start":{"line":558,"column":2},"end":{"line":560,"column":3}},"327":{"start":{"line":559,"column":3},"end":{"line":559,"column":53}},"328":{"start":{"line":561,"column":17},"end":{"line":561,"column":103}},"329":{"start":{"line":562,"column":2},"end":{"line":564,"column":3}},"330":{"start":{"line":563,"column":3},"end":{"line":563,"column":47}},"331":{"start":{"line":565,"column":21},"end":{"line":565,"column":54}},"332":{"start":{"line":566,"column":2},"end":{"line":568,"column":3}},"333":{"start":{"line":567,"column":3},"end":{"line":567,"column":54}},"334":{"start":{"line":569,"column":15},"end":{"line":569,"column":76}},"335":{"start":{"line":570,"column":17},"end":{"line":570,"column":32}},"336":{"start":{"line":571,"column":2},"end":{"line":578,"column":3}},"337":{"start":{"line":572,"column":21},"end":{"line":572,"column":72}},"338":{"start":{"line":573,"column":20},"end":{"line":573,"column":72}},"339":{"start":{"line":574,"column":19},"end":{"line":574,"column":70}},"340":{"start":{"line":575,"column":20},"end":{"line":575,"column":69}},"341":{"start":{"line":576,"column":3},"end":{"line":576,"column":129}},"342":{"start":{"line":576,"column":82},"end":{"line":576,"column":126}},"343":{"start":{"line":577,"column":3},"end":{"line":577,"column":128}},"344":{"start":{"line":577,"column":83},"end":{"line":577,"column":125}},"345":{"start":{"line":579,"column":2},"end":{"line":596,"column":5}},"346":{"start":{"line":580,"column":23},"end":{"line":591,"column":4}},"347":{"start":{"line":592,"column":3},"end":{"line":594,"column":6}},"348":{"start":{"line":593,"column":4},"end":{"line":593,"column":47}},"349":{"start":{"line":595,"column":3},"end":{"line":595,"column":45}},"350":{"start":{"line":599,"column":2},"end":{"line":599,"column":14}},"351":{"start":{"line":603,"column":0},"end":{"line":685,"column":3}},"352":{"start":{"line":604,"column":2},"end":{"line":604,"column":73}},"353":{"start":{"line":604,"column":22},"end":{"line":604,"column":71}},"354":{"start":{"line":605,"column":2},"end":{"line":684,"column":3}},"355":{"start":{"line":606,"column":44},"end":{"line":606,"column":52}},"356":{"start":{"line":607,"column":17},"end":{"line":607,"column":130}},"357":{"start":{"line":608,"column":2},"end":{"line":610,"column":3}},"358":{"start":{"line":609,"column":3},"end":{"line":609,"column":47}},"359":{"start":{"line":611,"column":2},"end":{"line":613,"column":3}},"360":{"start":{"line":612,"column":3},"end":{"line":612,"column":46}},"361":{"start":{"line":614,"column":24},"end":{"line":614,"column":34}},"362":{"start":{"line":615,"column":21},"end":{"line":625,"column":5}},"363":{"start":{"line":626,"column":17},"end":{"line":630,"column":7}},"364":{"start":{"line":626,"column":48},"end":{"line":630,"column":5}},"365":{"start":{"line":631,"column":18},"end":{"line":631,"column":66}},"366":{"start":{"line":632,"column":19},"end":{"line":632,"column":21}},"367":{"start":{"line":633,"column":4},"end":{"line":633,"column":37}},"368":{"start":{"line":634,"column":4},"end":{"line":677,"column":7}},"369":{"start":{"line":635,"column":21},"end":{"line":635,"column":37}},"370":{"start":{"line":636,"column":19},"end":{"line":636,"column":35}},"371":{"start":{"line":637,"column":6},"end":{"line":676,"column":9}},"372":{"start":{"line":638,"column":39},"end":{"line":638,"column":47}},"373":{"start":{"line":639,"column":8},"end":{"line":639,"column":66}},"374":{"start":{"line":640,"column":8},"end":{"line":640,"column":91}},"375":{"start":{"line":641,"column":8},"end":{"line":641,"column":60}},"376":{"start":{"line":642,"column":8},"end":{"line":642,"column":83}},"377":{"start":{"line":643,"column":8},"end":{"line":645,"column":9}},"378":{"start":{"line":644,"column":10},"end":{"line":644,"column":27}},"379":{"start":{"line":646,"column":22},"end":{"line":674,"column":9}},"380":{"start":{"line":675,"column":8},"end":{"line":675,"column":27}},"381":{"start":{"line":678,"column":4},"end":{"line":678,"column":118}},"382":{"start":{"line":678,"column":42},"end":{"line":678,"column":116}},"383":{"start":{"line":679,"column":4},"end":{"line":679,"column":36}},"384":{"start":{"line":680,"column":4},"end":{"line":680,"column":27}},"385":{"start":{"line":681,"column":4},"end":{"line":681,"column":49}},"386":{"start":{"line":683,"column":2},"end":{"line":683,"column":13}},"387":{"start":{"line":687,"column":0},"end":{"line":708,"column":3}},"388":{"start":{"line":688,"column":1},"end":{"line":688,"column":72}},"389":{"start":{"line":688,"column":21},"end":{"line":688,"column":70}},"390":{"start":{"line":689,"column":18},"end":{"line":689,"column":31}},"391":{"start":{"line":690,"column":17},"end":{"line":690,"column":28}},"392":{"start":{"line":691,"column":1},"end":{"line":707,"column":17}},"393":{"start":{"line":693,"column":3},"end":{"line":695,"column":4}},"394":{"start":{"line":694,"column":4},"end":{"line":694,"column":47}},"395":{"start":{"line":696,"column":3},"end":{"line":706,"column":6}},"396":{"start":{"line":702,"column":5},"end":{"line":704,"column":6}},"397":{"start":{"line":703,"column":6},"end":{"line":703,"column":61}},"398":{"start":{"line":705,"column":5},"end":{"line":705,"column":26}},"399":{"start":{"line":710,"column":0},"end":{"line":731,"column":3}},"400":{"start":{"line":711,"column":1},"end":{"line":711,"column":72}},"401":{"start":{"line":711,"column":21},"end":{"line":711,"column":70}},"402":{"start":{"line":712,"column":1},"end":{"line":730,"column":2}},"403":{"start":{"line":713,"column":22},"end":{"line":713,"column":43}},"404":{"start":{"line":714,"column":24},"end":{"line":714,"column":32}},"405":{"start":{"line":715,"column":17},"end":{"line":715,"column":131}},"406":{"start":{"line":716,"column":19},"end":{"line":716,"column":81}},"407":{"start":{"line":717,"column":2},"end":{"line":719,"column":3}},"408":{"start":{"line":718,"column":3},"end":{"line":718,"column":47}},"409":{"start":{"line":720,"column":2},"end":{"line":722,"column":3}},"410":{"start":{"line":721,"column":3},"end":{"line":721,"column":47}},"411":{"start":{"line":723,"column":2},"end":{"line":725,"column":3}},"412":{"start":{"line":724,"column":3},"end":{"line":724,"column":45}},"413":{"start":{"line":726,"column":2},"end":{"line":726,"column":59}},"414":{"start":{"line":727,"column":2},"end":{"line":727,"column":47}},"415":{"start":{"line":729,"column":2},"end":{"line":729,"column":13}},"416":{"start":{"line":733,"column":0},"end":{"line":756,"column":3}},"417":{"start":{"line":734,"column":1},"end":{"line":734,"column":72}},"418":{"start":{"line":734,"column":21},"end":{"line":734,"column":70}},"419":{"start":{"line":735,"column":1},"end":{"line":755,"column":1}},"420":{"start":{"line":736,"column":19},"end":{"line":736,"column":37}},"421":{"start":{"line":737,"column":18},"end":{"line":737,"column":29}},"422":{"start":{"line":738,"column":17},"end":{"line":738,"column":102}},"423":{"start":{"line":739,"column":2},"end":{"line":741,"column":3}},"424":{"start":{"line":740,"column":3},"end":{"line":740,"column":47}},"425":{"start":{"line":742,"column":2},"end":{"line":744,"column":3}},"426":{"start":{"line":743,"column":3},"end":{"line":743,"column":47}},"427":{"start":{"line":745,"column":16},"end":{"line":745,"column":49}},"428":{"start":{"line":746,"column":22},"end":{"line":746,"column":43}},"429":{"start":{"line":747,"column":17},"end":{"line":747,"column":78}},"430":{"start":{"line":748,"column":30},"end":{"line":748,"column":121}},"431":{"start":{"line":748,"column":62},"end":{"line":748,"column":120}},"432":{"start":{"line":749,"column":2},"end":{"line":749,"column":130}},"433":{"start":{"line":749,"column":51},"end":{"line":749,"column":127}},"434":{"start":{"line":750,"column":2},"end":{"line":750,"column":44}},"435":{"start":{"line":751,"column":2},"end":{"line":751,"column":40}},"436":{"start":{"line":752,"column":4},"end":{"line":752,"column":45}},"437":{"start":{"line":754,"column":1},"end":{"line":754,"column":12}},"438":{"start":{"line":758,"column":0},"end":{"line":777,"column":3}},"439":{"start":{"line":759,"column":1},"end":{"line":759,"column":72}},"440":{"start":{"line":759,"column":21},"end":{"line":759,"column":70}},"441":{"start":{"line":760,"column":24},"end":{"line":760,"column":34}},"442":{"start":{"line":761,"column":1},"end":{"line":776,"column":16}},"443":{"start":{"line":763,"column":3},"end":{"line":765,"column":4}},"444":{"start":{"line":764,"column":4},"end":{"line":764,"column":48}},"445":{"start":{"line":766,"column":3},"end":{"line":775,"column":6}},"446":{"start":{"line":771,"column":5},"end":{"line":773,"column":6}},"447":{"start":{"line":772,"column":6},"end":{"line":772,"column":56}},"448":{"start":{"line":774,"column":5},"end":{"line":774,"column":24}},"449":{"start":{"line":779,"column":0},"end":{"line":818,"column":3}},"450":{"start":{"line":780,"column":1},"end":{"line":780,"column":72}},"451":{"start":{"line":780,"column":21},"end":{"line":780,"column":70}},"452":{"start":{"line":781,"column":18},"end":{"line":781,"column":36}},"453":{"start":{"line":782,"column":17},"end":{"line":782,"column":28}},"454":{"start":{"line":783,"column":21},"end":{"line":783,"column":42}},"455":{"start":{"line":784,"column":1},"end":{"line":817,"column":2}},"456":{"start":{"line":785,"column":17},"end":{"line":785,"column":103}},"457":{"start":{"line":786,"column":2},"end":{"line":788,"column":3}},"458":{"start":{"line":787,"column":3},"end":{"line":787,"column":47}},"459":{"start":{"line":789,"column":19},"end":{"line":789,"column":58}},"460":{"start":{"line":790,"column":2},"end":{"line":792,"column":3}},"461":{"start":{"line":791,"column":3},"end":{"line":791,"column":47}},"462":{"start":{"line":793,"column":16},"end":{"line":793,"column":49}},"463":{"start":{"line":794,"column":15},"end":{"line":794,"column":76}},"464":{"start":{"line":795,"column":25},"end":{"line":795,"column":40}},"465":{"start":{"line":796,"column":28},"end":{"line":796,"column":118}},"466":{"start":{"line":796,"column":59},"end":{"line":796,"column":117}},"467":{"start":{"line":797,"column":2},"end":{"line":814,"column":5}},"468":{"start":{"line":798,"column":23},"end":{"line":809,"column":4}},"469":{"start":{"line":810,"column":3},"end":{"line":812,"column":6}},"470":{"start":{"line":811,"column":4},"end":{"line":811,"column":63}},"471":{"start":{"line":813,"column":3},"end":{"line":813,"column":58}},"472":{"start":{"line":816,"column":2},"end":{"line":816,"column":14}},"473":{"start":{"line":820,"column":0},"end":{"line":838,"column":3}},"474":{"start":{"line":821,"column":1},"end":{"line":821,"column":72}},"475":{"start":{"line":821,"column":21},"end":{"line":821,"column":70}},"476":{"start":{"line":822,"column":18},"end":{"line":822,"column":36}},"477":{"start":{"line":823,"column":21},"end":{"line":823,"column":42}},"478":{"start":{"line":824,"column":17},"end":{"line":824,"column":28}},"479":{"start":{"line":825,"column":1},"end":{"line":837,"column":2}},"480":{"start":{"line":826,"column":17},"end":{"line":826,"column":103}},"481":{"start":{"line":827,"column":2},"end":{"line":829,"column":3}},"482":{"start":{"line":828,"column":3},"end":{"line":828,"column":47}},"483":{"start":{"line":830,"column":16},"end":{"line":830,"column":49}},"484":{"start":{"line":831,"column":15},"end":{"line":831,"column":76}},"485":{"start":{"line":832,"column":25},"end":{"line":832,"column":40}},"486":{"start":{"line":833,"column":28},"end":{"line":833,"column":118}},"487":{"start":{"line":833,"column":59},"end":{"line":833,"column":117}},"488":{"start":{"line":834,"column":2},"end":{"line":834,"column":30}},"489":{"start":{"line":836,"column":2},"end":{"line":836,"column":14}},"490":{"start":{"line":840,"column":0},"end":{"line":872,"column":3}},"491":{"start":{"line":841,"column":1},"end":{"line":841,"column":72}},"492":{"start":{"line":841,"column":21},"end":{"line":841,"column":70}},"493":{"start":{"line":842,"column":18},"end":{"line":842,"column":36}},"494":{"start":{"line":843,"column":17},"end":{"line":843,"column":28}},"495":{"start":{"line":844,"column":21},"end":{"line":844,"column":42}},"496":{"start":{"line":845,"column":1},"end":{"line":871,"column":2}},"497":{"start":{"line":846,"column":17},"end":{"line":846,"column":103}},"498":{"start":{"line":847,"column":2},"end":{"line":849,"column":3}},"499":{"start":{"line":848,"column":3},"end":{"line":848,"column":47}},"500":{"start":{"line":850,"column":19},"end":{"line":850,"column":58}},"501":{"start":{"line":851,"column":2},"end":{"line":853,"column":3}},"502":{"start":{"line":852,"column":3},"end":{"line":852,"column":47}},"503":{"start":{"line":854,"column":81},"end":{"line":854,"column":89}},"504":{"start":{"line":855,"column":2},"end":{"line":857,"column":3}},"505":{"start":{"line":856,"column":3},"end":{"line":856,"column":46}},"506":{"start":{"line":858,"column":24},"end":{"line":865,"column":3}},"507":{"start":{"line":866,"column":16},"end":{"line":866,"column":49}},"508":{"start":{"line":867,"column":2},"end":{"line":867,"column":121}},"509":{"start":{"line":868,"column":2},"end":{"line":868,"column":47}},"510":{"start":{"line":870,"column":2},"end":{"line":870,"column":14}},"511":{"start":{"line":874,"column":0},"end":{"line":895,"column":3}},"512":{"start":{"line":875,"column":1},"end":{"line":875,"column":72}},"513":{"start":{"line":875,"column":21},"end":{"line":875,"column":70}},"514":{"start":{"line":876,"column":18},"end":{"line":876,"column":31}},"515":{"start":{"line":877,"column":17},"end":{"line":877,"column":28}},"516":{"start":{"line":878,"column":1},"end":{"line":894,"column":17}},"517":{"start":{"line":880,"column":3},"end":{"line":882,"column":4}},"518":{"start":{"line":881,"column":4},"end":{"line":881,"column":48}},"519":{"start":{"line":883,"column":3},"end":{"line":893,"column":7}},"520":{"start":{"line":889,"column":5},"end":{"line":891,"column":6}},"521":{"start":{"line":890,"column":6},"end":{"line":890,"column":64}},"522":{"start":{"line":892,"column":5},"end":{"line":892,"column":29}},"523":{"start":{"line":897,"column":0},"end":{"line":935,"column":3}},"524":{"start":{"line":898,"column":2},"end":{"line":898,"column":73}},"525":{"start":{"line":898,"column":22},"end":{"line":898,"column":71}},"526":{"start":{"line":899,"column":18},"end":{"line":899,"column":31}},"527":{"start":{"line":900,"column":17},"end":{"line":900,"column":28}},"528":{"start":{"line":901,"column":22},"end":{"line":901,"column":30}},"529":{"start":{"line":902,"column":26},"end":{"line":902,"column":36}},"530":{"start":{"line":903,"column":20},"end":{"line":903,"column":23}},"531":{"start":{"line":904,"column":2},"end":{"line":934,"column":3}},"532":{"start":{"line":905,"column":17},"end":{"line":905,"column":101}},"533":{"start":{"line":906,"column":2},"end":{"line":908,"column":3}},"534":{"start":{"line":907,"column":3},"end":{"line":907,"column":46}},"535":{"start":{"line":909,"column":2},"end":{"line":911,"column":3}},"536":{"start":{"line":910,"column":3},"end":{"line":910,"column":46}},"537":{"start":{"line":912,"column":23},"end":{"line":917,"column":3}},"538":{"start":{"line":918,"column":4},"end":{"line":929,"column":5}},"539":{"start":{"line":919,"column":21},"end":{"line":919,"column":23}},"540":{"start":{"line":920,"column":6},"end":{"line":927,"column":9}},"541":{"start":{"line":921,"column":8},"end":{"line":926,"column":11}},"542":{"start":{"line":928,"column":6},"end":{"line":928,"column":33}},"543":{"start":{"line":930,"column":4},"end":{"line":930,"column":44}},"544":{"start":{"line":931,"column":4},"end":{"line":931,"column":52}},"545":{"start":{"line":933,"column":4},"end":{"line":933,"column":14}},"546":{"start":{"line":937,"column":0},"end":{"line":958,"column":3}},"547":{"start":{"line":938,"column":2},"end":{"line":938,"column":73}},"548":{"start":{"line":938,"column":22},"end":{"line":938,"column":71}},"549":{"start":{"line":939,"column":25},"end":{"line":939,"column":50}},"550":{"start":{"line":940,"column":17},"end":{"line":940,"column":28}},"551":{"start":{"line":941,"column":18},"end":{"line":941,"column":36}},"552":{"start":{"line":942,"column":2},"end":{"line":957,"column":3}},"553":{"start":{"line":943,"column":17},"end":{"line":943,"column":102}},"554":{"start":{"line":944,"column":2},"end":{"line":946,"column":3}},"555":{"start":{"line":945,"column":3},"end":{"line":945,"column":47}},"556":{"start":{"line":947,"column":2},"end":{"line":949,"column":3}},"557":{"start":{"line":948,"column":3},"end":{"line":948,"column":47}},"558":{"start":{"line":950,"column":2},"end":{"line":950,"column":52}},"559":{"start":{"line":951,"column":4},"end":{"line":951,"column":86}},"560":{"start":{"line":952,"column":4},"end":{"line":952,"column":48}},"561":{"start":{"line":953,"column":4},"end":{"line":953,"column":80}},"562":{"start":{"line":954,"column":4},"end":{"line":954,"column":53}},"563":{"start":{"line":956,"column":4},"end":{"line":956,"column":16}},"564":{"start":{"line":960,"column":0},"end":{"line":983,"column":3}},"565":{"start":{"line":961,"column":2},"end":{"line":961,"column":73}},"566":{"start":{"line":961,"column":22},"end":{"line":961,"column":71}},"567":{"start":{"line":962,"column":25},"end":{"line":962,"column":50}},"568":{"start":{"line":963,"column":18},"end":{"line":963,"column":36}},"569":{"start":{"line":964,"column":17},"end":{"line":964,"column":28}},"570":{"start":{"line":965,"column":1},"end":{"line":982,"column":16}},"571":{"start":{"line":967,"column":2},"end":{"line":969,"column":3}},"572":{"start":{"line":968,"column":3},"end":{"line":968,"column":47}},"573":{"start":{"line":970,"column":2},"end":{"line":972,"column":3}},"574":{"start":{"line":971,"column":3},"end":{"line":971,"column":46}},"575":{"start":{"line":973,"column":16},"end":{"line":977,"column":3}},"576":{"start":{"line":978,"column":2},"end":{"line":981,"column":6}},"577":{"start":{"line":980,"column":4},"end":{"line":980,"column":45}},"578":{"start":{"line":985,"column":0},"end":{"line":1003,"column":3}},"579":{"start":{"line":986,"column":1},"end":{"line":986,"column":72}},"580":{"start":{"line":986,"column":21},"end":{"line":986,"column":70}},"581":{"start":{"line":987,"column":25},"end":{"line":987,"column":50}},"582":{"start":{"line":988,"column":17},"end":{"line":988,"column":28}},"583":{"start":{"line":989,"column":18},"end":{"line":989,"column":36}},"584":{"start":{"line":990,"column":1},"end":{"line":1002,"column":17}},"585":{"start":{"line":992,"column":3},"end":{"line":994,"column":4}},"586":{"start":{"line":993,"column":4},"end":{"line":993,"column":48}},"587":{"start":{"line":995,"column":3},"end":{"line":1001,"column":7}},"588":{"start":{"line":997,"column":5},"end":{"line":999,"column":6}},"589":{"start":{"line":998,"column":6},"end":{"line":998,"column":64}},"590":{"start":{"line":1000,"column":5},"end":{"line":1000,"column":22}},"591":{"start":{"line":1005,"column":0},"end":{"line":1024,"column":3}},"592":{"start":{"line":1006,"column":1},"end":{"line":1006,"column":72}},"593":{"start":{"line":1006,"column":21},"end":{"line":1006,"column":70}},"594":{"start":{"line":1007,"column":18},"end":{"line":1007,"column":36}},"595":{"start":{"line":1008,"column":18},"end":{"line":1008,"column":36}},"596":{"start":{"line":1009,"column":17},"end":{"line":1009,"column":28}},"597":{"start":{"line":1010,"column":1},"end":{"line":1023,"column":2}},"598":{"start":{"line":1011,"column":17},"end":{"line":1011,"column":103}},"599":{"start":{"line":1012,"column":2},"end":{"line":1014,"column":3}},"600":{"start":{"line":1013,"column":3},"end":{"line":1013,"column":47}},"601":{"start":{"line":1015,"column":16},"end":{"line":1015,"column":49}},"602":{"start":{"line":1016,"column":2},"end":{"line":1018,"column":3}},"603":{"start":{"line":1017,"column":3},"end":{"line":1017,"column":47}},"604":{"start":{"line":1019,"column":2},"end":{"line":1019,"column":38}},"605":{"start":{"line":1020,"column":2},"end":{"line":1020,"column":44}},"606":{"start":{"line":1022,"column":2},"end":{"line":1022,"column":14}},"607":{"start":{"line":1027,"column":0},"end":{"line":1027,"column":24}}},"fnMap":{"0":{"name":"(anonymous_0)","decl":{"start":{"line":38,"column":2},"end":{"line":38,"column":3}},"loc":{"start":{"line":38,"column":29},"end":{"line":40,"column":3}},"line":38},"1":{"name":"(anonymous_1)","decl":{"start":{"line":41,"column":2},"end":{"line":41,"column":3}},"loc":{"start":{"line":41,"column":26},"end":{"line":45,"column":3}},"line":41},"2":{"name":"(anonymous_2)","decl":{"start":{"line":50,"column":2},"end":{"line":50,"column":3}},"loc":{"start":{"line":50,"column":29},"end":{"line":52,"column":3}},"line":50},"3":{"name":"(anonymous_3)","decl":{"start":{"line":53,"column":2},"end":{"line":53,"column":3}},"loc":{"start":{"line":53,"column":26},"end":{"line":58,"column":3}},"line":53},"4":{"name":"(anonymous_4)","decl":{"start":{"line":76,"column":16},"end":{"line":76,"column":17}},"loc":{"start":{"line":76,"column":36},"end":{"line":128,"column":1}},"line":76},"5":{"name":"(anonymous_5)","decl":{"start":{"line":85,"column":14},"end":{"line":85,"column":15}},"loc":{"start":{"line":85,"column":33},"end":{"line":101,"column":5}},"line":85},"6":{"name":"(anonymous_6)","decl":{"start":{"line":90,"column":27},"end":{"line":90,"column":28}},"loc":{"start":{"line":90,"column":36},"end":{"line":90,"column":65}},"line":90},"7":{"name":"(anonymous_7)","decl":{"start":{"line":95,"column":12},"end":{"line":95,"column":13}},"loc":{"start":{"line":95,"column":24},"end":{"line":100,"column":7}},"line":95},"8":{"name":"(anonymous_8)","decl":{"start":{"line":109,"column":10},"end":{"line":109,"column":11}},"loc":{"start":{"line":109,"column":22},"end":{"line":114,"column":5}},"line":109},"9":{"name":"(anonymous_9)","decl":{"start":{"line":118,"column":10},"end":{"line":118,"column":11}},"loc":{"start":{"line":118,"column":22},"end":{"line":123,"column":5}},"line":118},"10":{"name":"(anonymous_10)","decl":{"start":{"line":130,"column":17},"end":{"line":130,"column":18}},"loc":{"start":{"line":130,"column":43},"end":{"line":196,"column":1}},"line":130},"11":{"name":"(anonymous_11)","decl":{"start":{"line":176,"column":21},"end":{"line":176,"column":22}},"loc":{"start":{"line":176,"column":36},"end":{"line":184,"column":3}},"line":176},"12":{"name":"(anonymous_12)","decl":{"start":{"line":198,"column":27},"end":{"line":198,"column":28}},"loc":{"start":{"line":198,"column":47},"end":{"line":214,"column":1}},"line":198},"13":{"name":"(anonymous_13)","decl":{"start":{"line":199,"column":46},"end":{"line":199,"column":47}},"loc":{"start":{"line":199,"column":58},"end":{"line":213,"column":3}},"line":199},"14":{"name":"(anonymous_14)","decl":{"start":{"line":216,"column":19},"end":{"line":216,"column":20}},"loc":{"start":{"line":216,"column":39},"end":{"line":228,"column":1}},"line":216},"15":{"name":"(anonymous_15)","decl":{"start":{"line":221,"column":10},"end":{"line":221,"column":11}},"loc":{"start":{"line":221,"column":21},"end":{"line":226,"column":5}},"line":221},"16":{"name":"(anonymous_16)","decl":{"start":{"line":230,"column":22},"end":{"line":230,"column":23}},"loc":{"start":{"line":230,"column":48},"end":{"line":250,"column":1}},"line":230},"17":{"name":"(anonymous_17)","decl":{"start":{"line":252,"column":50},"end":{"line":252,"column":51}},"loc":{"start":{"line":252,"column":76},"end":{"line":299,"column":1}},"line":252},"18":{"name":"(anonymous_18)","decl":{"start":{"line":301,"column":30},"end":{"line":301,"column":31}},"loc":{"start":{"line":301,"column":56},"end":{"line":320,"column":1}},"line":301},"19":{"name":"(anonymous_19)","decl":{"start":{"line":322,"column":28},"end":{"line":322,"column":29}},"loc":{"start":{"line":322,"column":48},"end":{"line":330,"column":1}},"line":322},"20":{"name":"(anonymous_20)","decl":{"start":{"line":324,"column":48},"end":{"line":324,"column":49}},"loc":{"start":{"line":324,"column":62},"end":{"line":329,"column":3}},"line":324},"21":{"name":"(anonymous_21)","decl":{"start":{"line":332,"column":27},"end":{"line":332,"column":28}},"loc":{"start":{"line":332,"column":47},"end":{"line":340,"column":1}},"line":332},"22":{"name":"(anonymous_22)","decl":{"start":{"line":334,"column":37},"end":{"line":334,"column":38}},"loc":{"start":{"line":334,"column":50},"end":{"line":339,"column":3}},"line":334},"23":{"name":"(anonymous_23)","decl":{"start":{"line":342,"column":29},"end":{"line":342,"column":30}},"loc":{"start":{"line":342,"column":49},"end":{"line":377,"column":1}},"line":342},"24":{"name":"(anonymous_24)","decl":{"start":{"line":349,"column":10},"end":{"line":349,"column":11}},"loc":{"start":{"line":349,"column":28},"end":{"line":376,"column":3}},"line":349},"25":{"name":"(anonymous_25)","decl":{"start":{"line":360,"column":12},"end":{"line":360,"column":13}},"loc":{"start":{"line":360,"column":18},"end":{"line":375,"column":7}},"line":360},"26":{"name":"(anonymous_26)","decl":{"start":{"line":379,"column":30},"end":{"line":379,"column":31}},"loc":{"start":{"line":379,"column":56},"end":{"line":423,"column":1}},"line":379},"27":{"name":"(anonymous_27)","decl":{"start":{"line":397,"column":42},"end":{"line":397,"column":43}},"loc":{"start":{"line":397,"column":51},"end":{"line":397,"column":65}},"line":397},"28":{"name":"(anonymous_28)","decl":{"start":{"line":400,"column":44},"end":{"line":400,"column":45}},"loc":{"start":{"line":400,"column":53},"end":{"line":400,"column":107}},"line":400},"29":{"name":"(anonymous_29)","decl":{"start":{"line":401,"column":17},"end":{"line":401,"column":18}},"loc":{"start":{"line":401,"column":28},"end":{"line":406,"column":3}},"line":401},"30":{"name":"(anonymous_30)","decl":{"start":{"line":403,"column":77},"end":{"line":403,"column":78}},"loc":{"start":{"line":403,"column":83},"end":{"line":403,"column":97}},"line":403},"31":{"name":"(anonymous_31)","decl":{"start":{"line":405,"column":80},"end":{"line":405,"column":81}},"loc":{"start":{"line":405,"column":86},"end":{"line":405,"column":121}},"line":405},"32":{"name":"(anonymous_32)","decl":{"start":{"line":407,"column":25},"end":{"line":407,"column":26}},"loc":{"start":{"line":407,"column":36},"end":{"line":417,"column":3}},"line":407},"33":{"name":"(anonymous_33)","decl":{"start":{"line":425,"column":28},"end":{"line":425,"column":29}},"loc":{"start":{"line":425,"column":54},"end":{"line":463,"column":1}},"line":425},"34":{"name":"(anonymous_34)","decl":{"start":{"line":451,"column":18},"end":{"line":451,"column":19}},"loc":{"start":{"line":451,"column":25},"end":{"line":457,"column":7}},"line":451},"35":{"name":"(anonymous_35)","decl":{"start":{"line":465,"column":24},"end":{"line":465,"column":25}},"loc":{"start":{"line":465,"column":44},"end":{"line":486,"column":1}},"line":465},"36":{"name":"(anonymous_36)","decl":{"start":{"line":467,"column":80},"end":{"line":467,"column":81}},"loc":{"start":{"line":467,"column":93},"end":{"line":485,"column":3}},"line":467},"37":{"name":"(anonymous_37)","decl":{"start":{"line":471,"column":34},"end":{"line":471,"column":35}},"loc":{"start":{"line":471,"column":44},"end":{"line":471,"column":58}},"line":471},"38":{"name":"(anonymous_38)","decl":{"start":{"line":473,"column":12},"end":{"line":473,"column":13}},"loc":{"start":{"line":473,"column":25},"end":{"line":484,"column":7}},"line":473},"39":{"name":"(anonymous_39)","decl":{"start":{"line":478,"column":24},"end":{"line":478,"column":25}},"loc":{"start":{"line":478,"column":36},"end":{"line":482,"column":9}},"line":478},"40":{"name":"(anonymous_40)","decl":{"start":{"line":488,"column":33},"end":{"line":488,"column":34}},"loc":{"start":{"line":488,"column":59},"end":{"line":511,"column":1}},"line":488},"41":{"name":"(anonymous_41)","decl":{"start":{"line":513,"column":54},"end":{"line":513,"column":55}},"loc":{"start":{"line":513,"column":68},"end":{"line":526,"column":1}},"line":513},"42":{"name":"(anonymous_42)","decl":{"start":{"line":528,"column":26},"end":{"line":528,"column":27}},"loc":{"start":{"line":528,"column":52},"end":{"line":550,"column":1}},"line":528},"43":{"name":"(anonymous_43)","decl":{"start":{"line":542,"column":40},"end":{"line":542,"column":41}},"loc":{"start":{"line":542,"column":49},"end":{"line":542,"column":99}},"line":542},"44":{"name":"(anonymous_44)","decl":{"start":{"line":552,"column":34},"end":{"line":552,"column":35}},"loc":{"start":{"line":552,"column":60},"end":{"line":601,"column":1}},"line":552},"45":{"name":"(anonymous_45)","decl":{"start":{"line":576,"column":72},"end":{"line":576,"column":73}},"loc":{"start":{"line":576,"column":82},"end":{"line":576,"column":126}},"line":576},"46":{"name":"(anonymous_46)","decl":{"start":{"line":577,"column":74},"end":{"line":577,"column":75}},"loc":{"start":{"line":577,"column":83},"end":{"line":577,"column":125}},"line":577},"47":{"name":"(anonymous_47)","decl":{"start":{"line":579,"column":53},"end":{"line":579,"column":54}},"loc":{"start":{"line":579,"column":59},"end":{"line":596,"column":3}},"line":579},"48":{"name":"(anonymous_48)","decl":{"start":{"line":592,"column":37},"end":{"line":592,"column":38}},"loc":{"start":{"line":592,"column":52},"end":{"line":594,"column":4}},"line":592},"49":{"name":"(anonymous_49)","decl":{"start":{"line":603,"column":31},"end":{"line":603,"column":32}},"loc":{"start":{"line":603,"column":57},"end":{"line":685,"column":1}},"line":603},"50":{"name":"(anonymous_50)","decl":{"start":{"line":626,"column":40},"end":{"line":626,"column":41}},"loc":{"start":{"line":626,"column":48},"end":{"line":630,"column":5}},"line":626},"51":{"name":"(anonymous_51)","decl":{"start":{"line":634,"column":17},"end":{"line":634,"column":18}},"loc":{"start":{"line":634,"column":33},"end":{"line":677,"column":5}},"line":634},"52":{"name":"(anonymous_52)","decl":{"start":{"line":637,"column":49},"end":{"line":637,"column":50}},"loc":{"start":{"line":637,"column":63},"end":{"line":676,"column":7}},"line":637},"53":{"name":"(anonymous_53)","decl":{"start":{"line":678,"column":33},"end":{"line":678,"column":34}},"loc":{"start":{"line":678,"column":42},"end":{"line":678,"column":116}},"line":678},"54":{"name":"(anonymous_54)","decl":{"start":{"line":687,"column":30},"end":{"line":687,"column":31}},"loc":{"start":{"line":687,"column":50},"end":{"line":708,"column":1}},"line":687},"55":{"name":"(anonymous_55)","decl":{"start":{"line":692,"column":8},"end":{"line":692,"column":9}},"loc":{"start":{"line":692,"column":18},"end":{"line":707,"column":3}},"line":692},"56":{"name":"(anonymous_56)","decl":{"start":{"line":701,"column":10},"end":{"line":701,"column":11}},"loc":{"start":{"line":701,"column":24},"end":{"line":706,"column":5}},"line":701},"57":{"name":"(anonymous_57)","decl":{"start":{"line":710,"column":44},"end":{"line":710,"column":45}},"loc":{"start":{"line":710,"column":70},"end":{"line":731,"column":1}},"line":710},"58":{"name":"(anonymous_58)","decl":{"start":{"line":733,"column":50},"end":{"line":733,"column":51}},"loc":{"start":{"line":733,"column":76},"end":{"line":756,"column":1}},"line":733},"59":{"name":"(anonymous_59)","decl":{"start":{"line":748,"column":53},"end":{"line":748,"column":54}},"loc":{"start":{"line":748,"column":62},"end":{"line":748,"column":120}},"line":748},"60":{"name":"(anonymous_60)","decl":{"start":{"line":749,"column":42},"end":{"line":749,"column":43}},"loc":{"start":{"line":749,"column":51},"end":{"line":749,"column":127}},"line":749},"61":{"name":"(anonymous_61)","decl":{"start":{"line":758,"column":47},"end":{"line":758,"column":48}},"loc":{"start":{"line":758,"column":67},"end":{"line":777,"column":1}},"line":758},"62":{"name":"(anonymous_62)","decl":{"start":{"line":762,"column":8},"end":{"line":762,"column":9}},"loc":{"start":{"line":762,"column":18},"end":{"line":776,"column":3}},"line":762},"63":{"name":"(anonymous_63)","decl":{"start":{"line":770,"column":10},"end":{"line":770,"column":11}},"loc":{"start":{"line":770,"column":22},"end":{"line":775,"column":5}},"line":770},"64":{"name":"(anonymous_64)","decl":{"start":{"line":779,"column":55},"end":{"line":779,"column":56}},"loc":{"start":{"line":779,"column":81},"end":{"line":818,"column":1}},"line":779},"65":{"name":"(anonymous_65)","decl":{"start":{"line":796,"column":50},"end":{"line":796,"column":51}},"loc":{"start":{"line":796,"column":59},"end":{"line":796,"column":117}},"line":796},"66":{"name":"(anonymous_66)","decl":{"start":{"line":797,"column":56},"end":{"line":797,"column":57}},"loc":{"start":{"line":797,"column":62},"end":{"line":814,"column":3}},"line":797},"67":{"name":"(anonymous_67)","decl":{"start":{"line":810,"column":37},"end":{"line":810,"column":38}},"loc":{"start":{"line":810,"column":52},"end":{"line":812,"column":4}},"line":810},"68":{"name":"(anonymous_68)","decl":{"start":{"line":820,"column":57},"end":{"line":820,"column":58}},"loc":{"start":{"line":820,"column":83},"end":{"line":838,"column":1}},"line":820},"69":{"name":"(anonymous_69)","decl":{"start":{"line":833,"column":50},"end":{"line":833,"column":51}},"loc":{"start":{"line":833,"column":59},"end":{"line":833,"column":117}},"line":833},"70":{"name":"(anonymous_70)","decl":{"start":{"line":840,"column":71},"end":{"line":840,"column":72}},"loc":{"start":{"line":840,"column":97},"end":{"line":872,"column":1}},"line":840},"71":{"name":"(anonymous_71)","decl":{"start":{"line":874,"column":33},"end":{"line":874,"column":34}},"loc":{"start":{"line":874,"column":53},"end":{"line":895,"column":1}},"line":874},"72":{"name":"(anonymous_72)","decl":{"start":{"line":879,"column":8},"end":{"line":879,"column":9}},"loc":{"start":{"line":879,"column":18},"end":{"line":894,"column":3}},"line":879},"73":{"name":"(anonymous_73)","decl":{"start":{"line":888,"column":10},"end":{"line":888,"column":11}},"loc":{"start":{"line":888,"column":27},"end":{"line":893,"column":5}},"line":888},"74":{"name":"(anonymous_74)","decl":{"start":{"line":897,"column":72},"end":{"line":897,"column":73}},"loc":{"start":{"line":897,"column":98},"end":{"line":935,"column":1}},"line":897},"75":{"name":"(anonymous_75)","decl":{"start":{"line":920,"column":20},"end":{"line":920,"column":21}},"loc":{"start":{"line":920,"column":31},"end":{"line":927,"column":7}},"line":920},"76":{"name":"(anonymous_76)","decl":{"start":{"line":937,"column":57},"end":{"line":937,"column":58}},"loc":{"start":{"line":937,"column":83},"end":{"line":958,"column":1}},"line":937},"77":{"name":"(anonymous_77)","decl":{"start":{"line":960,"column":63},"end":{"line":960,"column":64}},"loc":{"start":{"line":960,"column":83},"end":{"line":983,"column":1}},"line":960},"78":{"name":"(anonymous_78)","decl":{"start":{"line":966,"column":8},"end":{"line":966,"column":9}},"loc":{"start":{"line":966,"column":18},"end":{"line":982,"column":2}},"line":966},"79":{"name":"(anonymous_79)","decl":{"start":{"line":979,"column":9},"end":{"line":979,"column":10}},"loc":{"start":{"line":979,"column":15},"end":{"line":981,"column":4}},"line":979},"80":{"name":"(anonymous_80)","decl":{"start":{"line":985,"column":62},"end":{"line":985,"column":63}},"loc":{"start":{"line":985,"column":82},"end":{"line":1003,"column":1}},"line":985},"81":{"name":"(anonymous_81)","decl":{"start":{"line":991,"column":8},"end":{"line":991,"column":9}},"loc":{"start":{"line":991,"column":18},"end":{"line":1002,"column":3}},"line":991},"82":{"name":"(anonymous_82)","decl":{"start":{"line":996,"column":10},"end":{"line":996,"column":11}},"loc":{"start":{"line":996,"column":21},"end":{"line":1001,"column":5}},"line":996},"83":{"name":"(anonymous_83)","decl":{"start":{"line":1005,"column":74},"end":{"line":1005,"column":75}},"loc":{"start":{"line":1005,"column":100},"end":{"line":1024,"column":1}},"line":1005}},"branchMap":{"0":{"loc":{"start":{"line":54,"column":4},"end":{"line":56,"column":5}},"type":"if","locations":[{"start":{"line":54,"column":4},"end":{"line":56,"column":5}},{"start":{"line":54,"column":4},"end":{"line":56,"column":5}}],"line":54},"1":{"loc":{"start":{"line":77,"column":2},"end":{"line":77,"column":69}},"type":"if","locations":[{"start":{"line":77,"column":2},"end":{"line":77,"column":69}},{"start":{"line":77,"column":2},"end":{"line":77,"column":69}}],"line":77},"2":{"loc":{"start":{"line":79,"column":2},"end":{"line":81,"column":3}},"type":"if","locations":[{"start":{"line":79,"column":2},"end":{"line":81,"column":3}},{"start":{"line":79,"column":2},"end":{"line":81,"column":3}}],"line":79},"3":{"loc":{"start":{"line":82,"column":2},"end":{"line":127,"column":3}},"type":"switch","locations":[{"start":{"line":83,"column":4},"end":{"line":102,"column":9}},{"start":{"line":103,"column":2},"end":{"line":115,"column":9}},{"start":{"line":116,"column":2},"end":{"line":124,"column":9}},{"start":{"line":125,"column":2},"end":{"line":126,"column":38}}],"line":82},"4":{"loc":{"start":{"line":86,"column":5},"end":{"line":88,"column":6}},"type":"if","locations":[{"start":{"line":86,"column":5},"end":{"line":88,"column":6}},{"start":{"line":86,"column":5},"end":{"line":88,"column":6}}],"line":86},"5":{"loc":{"start":{"line":96,"column":7},"end":{"line":98,"column":8}},"type":"if","locations":[{"start":{"line":96,"column":7},"end":{"line":98,"column":8}},{"start":{"line":96,"column":7},"end":{"line":98,"column":8}}],"line":96},"6":{"loc":{"start":{"line":110,"column":5},"end":{"line":112,"column":6}},"type":"if","locations":[{"start":{"line":110,"column":5},"end":{"line":112,"column":6}},{"start":{"line":110,"column":5},"end":{"line":112,"column":6}}],"line":110},"7":{"loc":{"start":{"line":119,"column":5},"end":{"line":121,"column":6}},"type":"if","locations":[{"start":{"line":119,"column":5},"end":{"line":121,"column":6}},{"start":{"line":119,"column":5},"end":{"line":121,"column":6}}],"line":119},"8":{"loc":{"start":{"line":131,"column":2},"end":{"line":131,"column":73}},"type":"if","locations":[{"start":{"line":131,"column":2},"end":{"line":131,"column":73}},{"start":{"line":131,"column":2},"end":{"line":131,"column":73}}],"line":131},"9":{"loc":{"start":{"line":135,"column":2},"end":{"line":137,"column":3}},"type":"if","locations":[{"start":{"line":135,"column":2},"end":{"line":137,"column":3}},{"start":{"line":135,"column":2},"end":{"line":137,"column":3}}],"line":135},"10":{"loc":{"start":{"line":135,"column":8},"end":{"line":135,"column":90}},"type":"binary-expr","locations":[{"start":{"line":135,"column":8},"end":{"line":135,"column":18}},{"start":{"line":135,"column":22},"end":{"line":135,"column":33}},{"start":{"line":135,"column":37},"end":{"line":135,"column":45}},{"start":{"line":135,"column":49},"end":{"line":135,"column":53}},{"start":{"line":135,"column":57},"end":{"line":135,"column":78}},{"start":{"line":135,"column":82},"end":{"line":135,"column":90}}],"line":135},"11":{"loc":{"start":{"line":200,"column":4},"end":{"line":202,"column":5}},"type":"if","locations":[{"start":{"line":200,"column":4},"end":{"line":202,"column":5}},{"start":{"line":200,"column":4},"end":{"line":202,"column":5}}],"line":200},"12":{"loc":{"start":{"line":203,"column":28},"end":{"line":203,"column":65}},"type":"cond-expr","locations":[{"start":{"line":203,"column":48},"end":{"line":203,"column":49}},{"start":{"line":203,"column":52},"end":{"line":203,"column":65}}],"line":203},"13":{"loc":{"start":{"line":222,"column":6},"end":{"line":224,"column":7}},"type":"if","locations":[{"start":{"line":222,"column":6},"end":{"line":224,"column":7}},{"start":{"line":222,"column":6},"end":{"line":224,"column":7}}],"line":222},"14":{"loc":{"start":{"line":231,"column":2},"end":{"line":231,"column":73}},"type":"if","locations":[{"start":{"line":231,"column":2},"end":{"line":231,"column":73}},{"start":{"line":231,"column":2},"end":{"line":231,"column":73}}],"line":231},"15":{"loc":{"start":{"line":236,"column":2},"end":{"line":238,"column":3}},"type":"if","locations":[{"start":{"line":236,"column":2},"end":{"line":238,"column":3}},{"start":{"line":236,"column":2},"end":{"line":238,"column":3}}],"line":236},"16":{"loc":{"start":{"line":239,"column":2},"end":{"line":241,"column":3}},"type":"if","locations":[{"start":{"line":239,"column":2},"end":{"line":241,"column":3}},{"start":{"line":239,"column":2},"end":{"line":241,"column":3}}],"line":239},"17":{"loc":{"start":{"line":253,"column":2},"end":{"line":253,"column":73}},"type":"if","locations":[{"start":{"line":253,"column":2},"end":{"line":253,"column":73}},{"start":{"line":253,"column":2},"end":{"line":253,"column":73}}],"line":253},"18":{"loc":{"start":{"line":259,"column":2},"end":{"line":261,"column":3}},"type":"if","locations":[{"start":{"line":259,"column":2},"end":{"line":261,"column":3}},{"start":{"line":259,"column":2},"end":{"line":261,"column":3}}],"line":259},"19":{"loc":{"start":{"line":259,"column":8},"end":{"line":259,"column":78}},"type":"binary-expr","locations":[{"start":{"line":259,"column":8},"end":{"line":259,"column":29}},{"start":{"line":259,"column":33},"end":{"line":259,"column":37}},{"start":{"line":259,"column":41},"end":{"line":259,"column":52}},{"start":{"line":259,"column":56},"end":{"line":259,"column":64}},{"start":{"line":259,"column":68},"end":{"line":259,"column":78}}],"line":259},"20":{"loc":{"start":{"line":273,"column":4},"end":{"line":275,"column":5}},"type":"if","locations":[{"start":{"line":273,"column":4},"end":{"line":275,"column":5}},{"start":{"line":273,"column":4},"end":{"line":275,"column":5}}],"line":273},"21":{"loc":{"start":{"line":276,"column":4},"end":{"line":278,"column":5}},"type":"if","locations":[{"start":{"line":276,"column":4},"end":{"line":278,"column":5}},{"start":{"line":276,"column":4},"end":{"line":278,"column":5}}],"line":276},"22":{"loc":{"start":{"line":281,"column":4},"end":{"line":294,"column":5}},"type":"if","locations":[{"start":{"line":281,"column":4},"end":{"line":294,"column":5}},{"start":{"line":281,"column":4},"end":{"line":294,"column":5}}],"line":281},"23":{"loc":{"start":{"line":302,"column":2},"end":{"line":302,"column":73}},"type":"if","locations":[{"start":{"line":302,"column":2},"end":{"line":302,"column":73}},{"start":{"line":302,"column":2},"end":{"line":302,"column":73}}],"line":302},"24":{"loc":{"start":{"line":309,"column":4},"end":{"line":311,"column":5}},"type":"if","locations":[{"start":{"line":309,"column":4},"end":{"line":311,"column":5}},{"start":{"line":309,"column":4},"end":{"line":311,"column":5}}],"line":309},"25":{"loc":{"start":{"line":312,"column":4},"end":{"line":314,"column":5}},"type":"if","locations":[{"start":{"line":312,"column":4},"end":{"line":314,"column":5}},{"start":{"line":312,"column":4},"end":{"line":314,"column":5}}],"line":312},"26":{"loc":{"start":{"line":325,"column":4},"end":{"line":327,"column":5}},"type":"if","locations":[{"start":{"line":325,"column":4},"end":{"line":327,"column":5}},{"start":{"line":325,"column":4},"end":{"line":327,"column":5}}],"line":325},"27":{"loc":{"start":{"line":335,"column":4},"end":{"line":337,"column":5}},"type":"if","locations":[{"start":{"line":335,"column":4},"end":{"line":337,"column":5}},{"start":{"line":335,"column":4},"end":{"line":337,"column":5}}],"line":335},"28":{"loc":{"start":{"line":343,"column":2},"end":{"line":343,"column":73}},"type":"if","locations":[{"start":{"line":343,"column":2},"end":{"line":343,"column":73}},{"start":{"line":343,"column":2},"end":{"line":343,"column":73}}],"line":343},"29":{"loc":{"start":{"line":350,"column":4},"end":{"line":352,"column":5}},"type":"if","locations":[{"start":{"line":350,"column":4},"end":{"line":352,"column":5}},{"start":{"line":350,"column":4},"end":{"line":352,"column":5}}],"line":350},"30":{"loc":{"start":{"line":353,"column":4},"end":{"line":355,"column":5}},"type":"if","locations":[{"start":{"line":353,"column":4},"end":{"line":355,"column":5}},{"start":{"line":353,"column":4},"end":{"line":355,"column":5}}],"line":353},"31":{"loc":{"start":{"line":356,"column":4},"end":{"line":358,"column":3}},"type":"if","locations":[{"start":{"line":356,"column":4},"end":{"line":358,"column":3}},{"start":{"line":356,"column":4},"end":{"line":358,"column":3}}],"line":356},"32":{"loc":{"start":{"line":356,"column":10},"end":{"line":356,"column":45}},"type":"binary-expr","locations":[{"start":{"line":356,"column":10},"end":{"line":356,"column":30}},{"start":{"line":356,"column":34},"end":{"line":356,"column":45}}],"line":356},"33":{"loc":{"start":{"line":362,"column":8},"end":{"line":373,"column":9}},"type":"if","locations":[{"start":{"line":362,"column":8},"end":{"line":373,"column":9}},{"start":{"line":362,"column":8},"end":{"line":373,"column":9}}],"line":362},"34":{"loc":{"start":{"line":363,"column":10},"end":{"line":368,"column":11}},"type":"if","locations":[{"start":{"line":363,"column":10},"end":{"line":368,"column":11}},{"start":{"line":363,"column":10},"end":{"line":368,"column":11}}],"line":363},"35":{"loc":{"start":{"line":369,"column":15},"end":{"line":373,"column":9}},"type":"if","locations":[{"start":{"line":369,"column":15},"end":{"line":373,"column":9}},{"start":{"line":369,"column":15},"end":{"line":373,"column":9}}],"line":369},"36":{"loc":{"start":{"line":380,"column":2},"end":{"line":380,"column":73}},"type":"if","locations":[{"start":{"line":380,"column":2},"end":{"line":380,"column":73}},{"start":{"line":380,"column":2},"end":{"line":380,"column":73}}],"line":380},"37":{"loc":{"start":{"line":386,"column":2},"end":{"line":388,"column":3}},"type":"if","locations":[{"start":{"line":386,"column":2},"end":{"line":388,"column":3}},{"start":{"line":386,"column":2},"end":{"line":388,"column":3}}],"line":386},"38":{"loc":{"start":{"line":389,"column":2},"end":{"line":391,"column":3}},"type":"if","locations":[{"start":{"line":389,"column":2},"end":{"line":391,"column":3}},{"start":{"line":389,"column":2},"end":{"line":391,"column":3}}],"line":389},"39":{"loc":{"start":{"line":392,"column":2},"end":{"line":394,"column":3}},"type":"if","locations":[{"start":{"line":392,"column":2},"end":{"line":394,"column":3}},{"start":{"line":392,"column":2},"end":{"line":394,"column":3}}],"line":392},"40":{"loc":{"start":{"line":426,"column":2},"end":{"line":426,"column":73}},"type":"if","locations":[{"start":{"line":426,"column":2},"end":{"line":426,"column":73}},{"start":{"line":426,"column":2},"end":{"line":426,"column":73}}],"line":426},"41":{"loc":{"start":{"line":433,"column":4},"end":{"line":435,"column":5}},"type":"if","locations":[{"start":{"line":433,"column":4},"end":{"line":435,"column":5}},{"start":{"line":433,"column":4},"end":{"line":435,"column":5}}],"line":433},"42":{"loc":{"start":{"line":436,"column":4},"end":{"line":438,"column":5}},"type":"if","locations":[{"start":{"line":436,"column":4},"end":{"line":438,"column":5}},{"start":{"line":436,"column":4},"end":{"line":438,"column":5}}],"line":436},"43":{"loc":{"start":{"line":439,"column":4},"end":{"line":441,"column":5}},"type":"if","locations":[{"start":{"line":439,"column":4},"end":{"line":441,"column":5}},{"start":{"line":439,"column":4},"end":{"line":441,"column":5}}],"line":439},"44":{"loc":{"start":{"line":445,"column":6},"end":{"line":448,"column":7}},"type":"if","locations":[{"start":{"line":445,"column":6},"end":{"line":448,"column":7}},{"start":{"line":445,"column":6},"end":{"line":448,"column":7}}],"line":445},"45":{"loc":{"start":{"line":468,"column":4},"end":{"line":470,"column":5}},"type":"if","locations":[{"start":{"line":468,"column":4},"end":{"line":470,"column":5}},{"start":{"line":468,"column":4},"end":{"line":470,"column":5}}],"line":468},"46":{"loc":{"start":{"line":474,"column":8},"end":{"line":476,"column":9}},"type":"if","locations":[{"start":{"line":474,"column":8},"end":{"line":476,"column":9}},{"start":{"line":474,"column":8},"end":{"line":476,"column":9}}],"line":474},"47":{"loc":{"start":{"line":479,"column":10},"end":{"line":481,"column":11}},"type":"if","locations":[{"start":{"line":479,"column":10},"end":{"line":481,"column":11}},{"start":{"line":479,"column":10},"end":{"line":481,"column":11}}],"line":479},"48":{"loc":{"start":{"line":489,"column":1},"end":{"line":489,"column":72}},"type":"if","locations":[{"start":{"line":489,"column":1},"end":{"line":489,"column":72}},{"start":{"line":489,"column":1},"end":{"line":489,"column":72}}],"line":489},"49":{"loc":{"start":{"line":495,"column":2},"end":{"line":497,"column":3}},"type":"if","locations":[{"start":{"line":495,"column":2},"end":{"line":497,"column":3}},{"start":{"line":495,"column":2},"end":{"line":497,"column":3}}],"line":495},"50":{"loc":{"start":{"line":500,"column":2},"end":{"line":502,"column":3}},"type":"if","locations":[{"start":{"line":500,"column":2},"end":{"line":502,"column":3}},{"start":{"line":500,"column":2},"end":{"line":502,"column":3}}],"line":500},"51":{"loc":{"start":{"line":529,"column":1},"end":{"line":529,"column":72}},"type":"if","locations":[{"start":{"line":529,"column":1},"end":{"line":529,"column":72}},{"start":{"line":529,"column":1},"end":{"line":529,"column":72}}],"line":529},"52":{"loc":{"start":{"line":534,"column":2},"end":{"line":536,"column":3}},"type":"if","locations":[{"start":{"line":534,"column":2},"end":{"line":536,"column":3}},{"start":{"line":534,"column":2},"end":{"line":536,"column":3}}],"line":534},"53":{"loc":{"start":{"line":538,"column":2},"end":{"line":540,"column":3}},"type":"if","locations":[{"start":{"line":538,"column":2},"end":{"line":540,"column":3}},{"start":{"line":538,"column":2},"end":{"line":540,"column":3}}],"line":538},"54":{"loc":{"start":{"line":543,"column":2},"end":{"line":545,"column":3}},"type":"if","locations":[{"start":{"line":543,"column":2},"end":{"line":545,"column":3}},{"start":{"line":543,"column":2},"end":{"line":545,"column":3}}],"line":543},"55":{"loc":{"start":{"line":553,"column":1},"end":{"line":553,"column":72}},"type":"if","locations":[{"start":{"line":553,"column":1},"end":{"line":553,"column":72}},{"start":{"line":553,"column":1},"end":{"line":553,"column":72}}],"line":553},"56":{"loc":{"start":{"line":558,"column":2},"end":{"line":560,"column":3}},"type":"if","locations":[{"start":{"line":558,"column":2},"end":{"line":560,"column":3}},{"start":{"line":558,"column":2},"end":{"line":560,"column":3}}],"line":558},"57":{"loc":{"start":{"line":562,"column":2},"end":{"line":564,"column":3}},"type":"if","locations":[{"start":{"line":562,"column":2},"end":{"line":564,"column":3}},{"start":{"line":562,"column":2},"end":{"line":564,"column":3}}],"line":562},"58":{"loc":{"start":{"line":566,"column":2},"end":{"line":568,"column":3}},"type":"if","locations":[{"start":{"line":566,"column":2},"end":{"line":568,"column":3}},{"start":{"line":566,"column":2},"end":{"line":568,"column":3}}],"line":566},"59":{"loc":{"start":{"line":604,"column":2},"end":{"line":604,"column":73}},"type":"if","locations":[{"start":{"line":604,"column":2},"end":{"line":604,"column":73}},{"start":{"line":604,"column":2},"end":{"line":604,"column":73}}],"line":604},"60":{"loc":{"start":{"line":608,"column":2},"end":{"line":610,"column":3}},"type":"if","locations":[{"start":{"line":608,"column":2},"end":{"line":610,"column":3}},{"start":{"line":608,"column":2},"end":{"line":610,"column":3}}],"line":608},"61":{"loc":{"start":{"line":611,"column":2},"end":{"line":613,"column":3}},"type":"if","locations":[{"start":{"line":611,"column":2},"end":{"line":613,"column":3}},{"start":{"line":611,"column":2},"end":{"line":613,"column":3}}],"line":611},"62":{"loc":{"start":{"line":611,"column":7},"end":{"line":611,"column":40}},"type":"binary-expr","locations":[{"start":{"line":611,"column":7},"end":{"line":611,"column":18}},{"start":{"line":611,"column":22},"end":{"line":611,"column":27}},{"start":{"line":611,"column":31},"end":{"line":611,"column":40}}],"line":611},"63":{"loc":{"start":{"line":643,"column":8},"end":{"line":645,"column":9}},"type":"if","locations":[{"start":{"line":643,"column":8},"end":{"line":645,"column":9}},{"star
[...]
,"443":2,"444":1,"445":1,"446":1,"447":1,"448":1,"449":0,"450":1,"451":2,"452":1,"453":1,"454":1,"455":1,"456":0,"457":1,"458":1,"459":1,"460":1,"461":3,"462":1,"463":2,"464":2,"465":2,"466":0,"467":2,"468":1,"469":1,"470":1,"471":4,"472":1,"473":3,"474":3,"475":2,"476":2,"477":2,"478":2,"479":2,"480":2,"481":2,"482":2,"483":2,"484":2,"485":2,"486":2,"487":2,"488":2,"489":0,"490":1,"491":1,"492":3,"493":1,"494":2,"495":2,"496":0,"497":2,"498":1,"499":1,"500":1,"501":3,"502":1,"503":2,"504":2,"505":2,"506":2,"507":2,"508":1,"509":1,"510":1,"511":0,"512":0,"513":0,"514":0,"515":1,"516":0,"517":1,"518":1,"519":2,"520":1,"521":1,"522":1,"523":1,"524":1,"525":1,"526":1,"527":1,"528":1,"529":1,"530":1,"531":1,"532":1,"533":0,"534":1,"535":2,"536":1,"537":1,"538":1,"539":0,"540":1,"541":1,"542":1,"543":2,"544":1,"545":1,"546":0,"547":1,"548":0,"549":1,"550":3,"551":1,"552":2,"553":2,"554":2,"555":0,"556":2,"557":1,"558":1,"559":1,"560":1,"561":2,"562":1,"563":1,"564":1,"565":1,"566":0,"567":1,"568":1,"569":1,"570":0,"571":0,"572":0,"573":0,"574":0,"575":0,"576":0,"577":0,"578":0},"f":{"0":0,"1":0,"2":0,"3":0,"4":5,"5":3,"6":2,"7":0,"8":2,"9":2,"10":1,"11":1,"12":3,"13":3,"14":3,"15":1,"16":2,"17":1,"18":0,"19":0,"20":0,"21":0,"22":0,"23":0,"24":0,"25":2,"26":1,"27":3,"28":1,"29":3,"30":2,"31":2,"32":1,"33":3,"34":1,"35":3,"36":1,"37":2,"38":1,"39":1,"40":0,"41":0,"42":0,"43":0,"44":0,"45":3,"46":2,"47":1,"48":2,"49":1,"50":1,"51":3,"52":1,"53":1,"54":1,"55":3,"56":2,"57":3,"58":0,"59":3,"60":2,"61":1,"62":0,"63":0,"64":3,"65":2,"66":4,"67":3,"68":2,"69":3,"70":2,"71":1,"72":1,"73":2,"74":1,"75":2,"76":1,"77":3,"78":2,"79":2,"80":1,"81":0,"82":0,"83":0,"84":0,"85":0},"b":{"0":[0,1],"1":[4,1],"2":[5,4,4,4,4,4],"3":[1,3],"4":[0,3],"5":[3,0],"6":[0,0],"7":[2,1],"8":[1,1],"9":[0,1],"10":[1,0],"11":[0,0],"12":[2,0],"13":[1,1],"14":[1,0],"15":[1,1],"16":[0,1],"17":[0,1],"18":[1,0],"19":[0,0],"20":[1,0],"21":[1,0],"22":[1,0],"23":[0,2],"24":[1,1],"25":[0,1],"26":[0,1],"27":[0,1],"28":[1,2],"29":[1,1],"30":[1,2],"31":[1,1],"32":[2,1],"33":[0,1],"34":[1,0],"35":[1,1],"36":[0,0],"37":[0,1],"38":[0,0],"39":[0,0],"40":[0,0],"41":[0,0],"42":[0,0],"43":[0,0],"44":[1,1],"45":[0,1],"46":[1,2],"47":[1,1],"48":[0,1],"49":[1,2],"50":[0,2],"51":[1,1],"52":[1,1],"53":[1,0],"54":[1,1],"55":[0,1],"56":[1,2],"57":[1,1],"58":[2,2,1,1],"59":[0,1],"60":[1,2],"61":[1,1],"62":[2,2,2],"63":[0,1],"64":[1,1],"65":[2,1],"66":[1,0],"67":[1,0],"68":[1,2],"69":[1,1],"70":[1,2],"71":[0,2],"72":[1,1],"73":[1,2],"74":[1,1],"75":[2,1,1,1,1,1,1,1,1],"76":[0,1],"77":[0,0],"78":[1,2],"79":[1,1],"80":[1,1],"81":[0,1],"82":[1,2],"83":[0,2],"84":[1,1],"85":[1,3],"86":[2,1],"87":[3,2,2,2],"88":[1,2],"89":[0,2],"90":[1,1],"91":[1,2],"92":[1,1],"93":[2,1,1,1,1,1,1,1],"94":[0,1],"95":[1,1],"96":[1,1],"97":[0,1],"98":[1,0],"99":[0,1],"100":[1,2],"101":[0,2],"102":[1,1],"103":[2,1],"104":[1,1],"105":[0,1],"106":[0,0],"107":[0,0]},"_coverageSchema":"43e27e138ebf9cfc5966b082cf9a028302ed4184","hash":"5335c14ca3620ff1bdffd7894d874d50e79c2c0f","contentHash":"4a581779e9dc918576d021bed3035e5730a764a2b57e4c5cd6ab907a20d29f35"},"/home/lamouchefatale/Desktop/families-share-deploy/src/helper-functions/forgot-password-email.js":{"path":"/home/lamouchefatale/Desktop/families-share-deploy/src/helper-functions/forgot-password-email.js","statementMap":{"0":{"start":{"line":2,"column":2},"end":{"line":32,"column":4}},"1":{"start":{"line":35,"column":0},"end":{"line":37,"column":2}}},"fnMap":{"0":{"name":"newForgotPasswordEmail","decl":{"start":{"line":1,"column":9},"end":{"line":1,"column":31}},"loc":{"start":{"line":1,"column":39},"end":{"line":33,"column":1}},"line":1}},"branchMap":{},"s":{"0":1,"1":1},"f":{"0":1},"b":{},"_coverageSchema":"43e27e138ebf9cfc5966b082cf9a028302ed4184","hash":"3264288a0acda3336b592816de21f355f1f13857","contentHash":"fe762a8d2140cd3ed2937ffbc5c48654bc87192a47621f35ffcda1cbfaf4c5e9"},"/home/lamouchefatale/Desktop/families-share-deploy/src/helper-functions/walthrough-email.js":{"path":"/home/lamouchefatale/Desktop/families-share-deploy/src/helper-functions/walthrough-email.js","statementMap":{"0":{"start":{"line":3,"column":2},"end":{"line":18,"column":4}},"1":{"start":{"line":20,"column":0},"end":{"line":22,"column":2}}},"fnMap":{"0":{"name":"newWalkthroughEmail","decl":{"start":{"line":2,"column":9},"end":{"line":2,"column":28}},"loc":{"start":{"line":2,"column":41},"end":{"line":19,"column":1}},"line":2}},"branchMap":{},"s":{"0":1,"1":1},"f":{"0":1},"b":{},"_coverageSchema":"43e27e138ebf9cfc5966b082cf9a028302ed4184","hash":"b37f6597ab5a6cc31f3a1a7db1c15aee85d54eff","contentHash":"b23deb7f2732eddf4a44a8dcf5889cdc26e707cf46253426825ed886d083b431"},"/home/lamouchefatale/Desktop/families-share-deploy/src/helper-functions/export-user-data.js":{"path":"/home/lamouchefatale/Desktop/families-share-deploy/src/helper-functions/export-user-data.js","statementMap":{"0":{"start":{"line":1,"column":20},"end":{"line":1,"column":37}},"1":{"start":{"line":2,"column":11},"end":{"line":2,"column":24}},"2":{"start":{"line":3,"column":15},"end":{"line":3,"column":32}},"3":{"start":{"line":6,"column":2},"end":{"line":21,"column":4}},"4":{"start":{"line":25,"column":14},"end":{"line":25,"column":55}},"5":{"start":{"line":26,"column":2},"end":{"line":26,"column":113}},"6":{"start":{"line":27,"column":2},"end":{"line":27,"column":28}},"7":{"start":{"line":28,"column":2},"end":{"line":30,"column":4}},"8":{"start":{"line":31,"column":2},"end":{"line":31,"column":51}},"9":{"start":{"line":32,"column":2},"end":{"line":32,"column":16}},"10":{"start":{"line":33,"column":2},"end":{"line":34,"column":17}},"11":{"start":{"line":35,"column":2},"end":{"line":36,"column":17}},"12":{"start":{"line":37,"column":2},"end":{"line":38,"column":17}},"13":{"start":{"line":39,"column":2},"end":{"line":40,"column":17}},"14":{"start":{"line":41,"column":2},"end":{"line":42,"column":17}},"15":{"start":{"line":43,"column":2},"end":{"line":43,"column":16}},"16":{"start":{"line":44,"column":2},"end":{"line":46,"column":4}},"17":{"start":{"line":47,"column":2},"end":{"line":50,"column":5}},"18":{"start":{"line":48,"column":4},"end":{"line":49,"column":21}},"19":{"start":{"line":51,"column":2},"end":{"line":51,"column":16}},"20":{"start":{"line":52,"column":2},"end":{"line":54,"column":4}},"21":{"start":{"line":55,"column":2},"end":{"line":73,"column":4}},"22":{"start":{"line":56,"column":4},"end":{"line":56,"column":63}},"23":{"start":{"line":57,"column":4},"end":{"line":57,"column":18}},"24":{"start":{"line":58,"column":4},"end":{"line":59,"column":19}},"25":{"start":{"line":60,"column":4},"end":{"line":61,"column":19}},"26":{"start":{"line":62,"column":4},"end":{"line":63,"column":19}},"27":{"start":{"line":64,"column":4},"end":{"line":65,"column":19}},"28":{"start":{"line":66,"column":4},"end":{"line":67,"column":19}},"29":{"start":{"line":68,"column":4},"end":{"line":69,"column":19}},"30":{"start":{"line":70,"column":4},"end":{"line":71,"column":19}},"31":{"start":{"line":72,"column":4},"end":{"line":72,"column":19}},"32":{"start":{"line":74,"column":2},"end":{"line":76,"column":4}},"33":{"start":{"line":77,"column":2},"end":{"line":80,"column":4}},"34":{"start":{"line":78,"column":4},"end":{"line":79,"column":21}},"35":{"start":{"line":81,"column":2},"end":{"line":81,"column":11}},"36":{"start":{"line":82,"column":2},"end":{"line":82,"column":7}},"37":{"start":{"line":85,"column":0},"end":{"line":88,"column":2}}},"fnMap":{"0":{"name":"newExportEmail","decl":{"start":{"line":5,"column":9},"end":{"line":5,"column":23}},"loc":{"start":{"line":5,"column":36},"end":{"line":22,"column":1}},"line":5},"1":{"name":"createPdf","decl":{"start":{"line":24,"column":9},"end":{"line":24,"column":18}},"loc":{"start":{"line":24,"column":54},"end":{"line":83,"column":1}},"line":24},"2":{"name":"(anonymous_2)","decl":{"start":{"line":47,"column":18},"end":{"line":47,"column":19}},"loc":{"start":{"line":47,"column":33},"end":{"line":50,"column":3}},"line":47},"3":{"name":"(anonymous_3)","decl":{"start":{"line":55,"column":20},"end":{"line":55,"column":21}},"loc":{"start":{"line":55,"column":29},"end":{"line":73,"column":3}},"line":55},"4":{"name":"(anonymous_4)","decl":{"start":{"line":77,"column":18},"end":{"line":77,"column":19}},"loc":{"start":{"line":77,"column":35},"end":{"line":80,"column":3}},"line":77}},"branchMap":{},"s":{"0":1,"1":1,"2":1,"3":1,"4":1,"5":1,"6":1,"7":1,"8":1,"9":1,"10":1,"11":1,"12":1,"13":1,"14":1,"15":1,"16":1,"17":1,"18":2,"19":1,"20":1,"21":1,"22":1,"23":1,"24":1,"25":1,"26":1,"27":1,"28":1,"29":1,"30":1,"31":1,"32":1,"33":1,"34":0,"35":1,"36":1,"37":1},"f":{"0":1,"1":1,"2":2,"3":1,"4":0},"b":{},"_coverageSchema":"43e27e138ebf9cfc5966b082cf9a028302ed4184","hash":"c52d32c6a7188997385cc4a6ffbc9f532d62f72a","contentHash":"7474342aefd4a6d2c3473d4fb1465ed2e226641819d8e5d723393d05d0a575b0"},"/home/lamouchefatale/Desktop/families-share-deploy/src/models/address.js":{"path":"/home/lamouchefatale/Desktop/families-share-deploy/src/models/address.js","statementMap":{"0":{"start":{"line":1,"column":17},"end":{"line":1,"column":36}},"1":{"start":{"line":2,"column":17},"end":{"line":2,"column":36}},"2":{"start":{"line":4,"column":22},"end":{"line":13,"column":49}},"3":{"start":{"line":16,"column":0},"end":{"line":16,"column":25}},"4":{"start":{"line":17,"column":14},"end":{"line":17,"column":53}},"5":{"start":{"line":19,"column":0},"end":{"line":19,"column":24}}},"fnMap":{},"branchMap":{},"s":{"0":1,"1":1,"2":1,"3":1,"4":1,"5":1},"f":{},"b":{},"_coverageSchema":"43e27e138ebf9cfc5966b082cf9a028302ed4184","hash":"5f15c09d933a5d21d7f271fdeaf7405acc5965f9","contentHash":"9de5240666d2e3eaf2f7122758dc317eea7079d5ce2dae356cfb4b30d51873de"},"/home/lamouchefatale/Desktop/families-share-deploy/src/models/framily.js":{"path":"/home/lamouchefatale/Desktop/families-share-deploy/src/models/framily.js","statementMap":{"0":{"start":{"line":1,"column":17},"end":{"line":1,"column":36}},"1":{"start":{"line":3,"column":22},"end":{"line":12,"column":22}},"2":{"start":{"line":14,"column":0},"end":{"line":14,"column":35}},"3":{"start":{"line":15,"column":0},"end":{"line":15,"column":66}},"4":{"start":{"line":17,"column":0},"end":{"line":17,"column":25}},"5":{"start":{"line":18,"column":14},"end":{"line":18,"column":53}},"6":{"start":{"line":20,"column":0},"end":{"line":20,"column":24}}},"fnMap":{},"branchMap":{},"s":{"0":1,"1":1,"2":1,"3":1,"4":1,"5":1,"6":1},"f":{},"b":{},"_coverageSchema":"43e27e138ebf9cfc5966b082cf9a028302ed4184","hash":"7d95ebcf7126c94910de4350efce5a637913f786","contentHash":"8e20f61b20e3828c3e31d2162b95782c056f290e957441638b30f504fe25365a"},"/home/lamouchefatale/Desktop/families-share-deploy/src/models/password-reset.js":{"path":"/home/lamouchefatale/Desktop/families-share-deploy/src/models/password-reset.js","statementMap":{"0":{"start":{"line":1,"column":17},"end":{"line":1,"column":36}},"1":{"start":{"line":3,"column":28},"end":{"line":17,"column":22}},"2":{"start":{"line":19,"column":0},"end":{"line":19,"column":73}},"3":{"start":{"line":22,"column":0},"end":{"line":22,"column":25}},"4":{"start":{"line":23,"column":14},"end":{"line":23,"column":66}},"5":{"start":{"line":25,"column":0},"end":{"line":25,"column":24}}},"fnMap":{},"branchMap":{},"s":{"0":1,"1":1,"2":1,"3":1,"4":1,"5":1},"f":{},"b":{},"_coverageSchema":"43e27e138ebf9cfc5966b082cf9a028302ed4184","hash":"ff85dbec6e895d2fb60c0bfbe8215bb6c3efd165","contentHash":"29dfe1e976a3a970301fb709ca6ebc493bc4c43afa8917711001ff82f46213b9"},"/home/lamouchefatale/Desktop/families-share-deploy/src/models/device.js":{"path":"/home/lamouchefatale/Desktop/families-share-deploy/src/models/device.js","statementMap":{"0":{"start":{"line":1,"column":17},"end":{"line":1,"column":36}},"1":{"start":{"line":3,"column":21},"end":{"line":13,"column":21}},"2":{"start":{"line":15,"column":0},"end":{"line":15,"column":34}},"3":{"start":{"line":17,"column":0},"end":{"line":17,"column":25}},"4":{"start":{"line":18,"column":14},"end":{"line":18,"column":51}},"5":{"start":{"line":21,"column":0},"end":{"line":21,"column":22}}},"fnMap":{},"branchMap":{},"s":{"0":1,"1":1,"2":1,"3":1,"4":1,"5":1},"f":{},"b":{},"_coverageSchema":"43e27e138ebf9cfc5966b082cf9a028302ed4184","hash":"f75e49a13abb09783c194004cf433f683c6dbcb3","contentHash":"80c5b804ce4da750ace7d0497ef0ca62e1e8c4c554e50f556406c18e929aeb9d"},"/home/lamouchefatale/Desktop/families-share-deploy/src/models/rating.js":{"path":"/home/lamouchefatale/Desktop/families-share-deploy/src/models/rating.js","statementMap":{"0":{"start":{"line":1,"column":17},"end":{"line":1,"column":36}},"1":{"start":{"line":3,"column":21},"end":{"line":13,"column":21}},"2":{"start":{"line":15,"column":0},"end":{"line":15,"column":25}},"3":{"start":{"line":16,"column":14},"end":{"line":16,"column":51}},"4":{"start":{"line":18,"column":0},"end":{"line":18,"column":24}}},"fnMap":{},"branchMap":{},"s":{"0":1,"1":1,"2":1,"3":1,"4":1},"f":{},"b":{},"_coverageSchema":"43e27e138ebf9cfc5966b082cf9a028302ed4184","hash":"cb55ba3fb7d9edc910dea054fc70da396b2e8b0b","contentHash":"b48169a0127706946432f9238db6c59f787f58d37a238c377881730c41dda654"},"/home/lamouchefatale/Desktop/families-share-deploy/src/routes/profile-routes.js":{"path":"/home/lamouchefatale/Desktop/families-share-deploy/src/routes/profile-routes.js","statementMap":{"0":{"start":{"line":1,"column":16},"end":{"line":1,"column":34}},"1":{"start":{"line":2,"column":15},"end":{"line":2,"column":35}},"2":{"start":{"line":4,"column":16},"end":{"line":4,"column":44}},"3":{"start":{"line":6,"column":0},"end":{"line":42,"column":3}},"4":{"start":{"line":7,"column":4},"end":{"line":7,"column":70}},"5":{"start":{"line":7,"column":22},"end":{"line":7,"column":70}},"6":{"start":{"line":8,"column":21},"end":{"line":8,"column":39}},"7":{"start":{"line":9,"column":4},"end":{"line":41,"column":5}},"8":{"start":{"line":11,"column":24},"end":{"line":11,"column":37}},"9":{"start":{"line":12,"column":12},"end":{"line":23,"column":15}},"10":{"start":{"line":15,"column":16},"end":{"line":17,"column":17}},"11":{"start":{"line":16,"column":20},"end":{"line":16,"column":65}},"12":{"start":{"line":18,"column":16},"end":{"line":22,"column":17}},"13":{"start":{"line":19,"column":20},"end":{"line":19,"column":39}},"14":{"start":{"line":21,"column":20},"end":{"line":21,"column":62}},"15":{"start":{"line":24,"column":12},"end":{"line":24,"column":18}},"16":{"start":{"line":26,"column":28},"end":{"line":26,"column":45}},"17":{"start":{"line":27,"column":12},"end":{"line":39,"column":15}},"18":{"start":{"line":31,"column":16},"end":{"line":33,"column":17}},"19":{"start":{"line":32,"column":20},"end":{"line":32,"column":65}},"20":{"start":{"line":34,"column":16},"end":{"line":38,"column":17}},"21":{"start":{"line":35,"column":20},"end":{"line":35,"column":39}},"22":{"start":{"line":37,"column":20},"end":{"line":37,"column":69}},"23":{"start":{"line":40,"column":12},"end":{"line":40,"column":18}},"24":{"start":{"line":46,"column":0},"end":{"line":46,"column":24}}},"fnMap":{"0":{"name":"(anonymous_0)","decl":{"start":{"line":6,"column":16},"end":{"line":6,"column":17}},"loc":{"start":{"line":6,"column":28},"end":{"line":42,"column":1}},"line":6},"1":{"name":"(anonymous_1)","decl":{"start":{"line":14,"column":27},"end":{"line":14,"column":28}},"loc":{"start":{"line":14,"column":47},"end":{"line":23,"column":13}},"line":14},"2":{"name":"(anonymous_2)","decl":{"start":{"line":30,"column":26},"end":{"line":30,"column":27}},"loc":{"start":{"line":30,"column":46},"end":{"line":39,"column":13}},"line":30}},"branchMap":{"0":{"loc":{"start":{"line":7,"column":4},"end":{"line":7,"column":70}},"type":"if","locations":[{"start":{"line":7,"column":4},"end":{"line":7,"column":70}},{"start":{"line":7,"column":4},"end":{"line":7,"column":70}}],"line":7},"1":{"loc":{"start":{"line":9,"column":4},"end":{"line":41,"column":5}},"type":"switch","locations":[{"start":{"line":10,"column":8},"end":{"line":24,"column":18}},{"start":{"line":25,"column":8},"end":{"line":40,"column":18}}],"line":9},"2":{"loc":{"start":{"line":15,"column":16},"end":{"line":17,"column":17}},"type":"if","locations":[{"start":{"line":15,"column":16},"end":{"line":17,"column":17}},{"start":{"line":15,"column":16},"end":{"line":17,"column":17}}],"line":15},"3":{"loc":{"start":{"line":18,"column":16},"end":{"line":22,"column":17}},"type":"if","locations":[{"start":{"line":18,"column":16},"end":{"line":22,"column":17}},{"start":{"line":18,"column":16},"end":{"line":22,"column":17}}],"line":18},"4":{"loc":{"start":{"line":31,"column":16},"end":{"line":33,"column":17}},"type":"if","locations":[{"start":{"line":31,"column":16},"end":{"line":33,"column":17}},{"start":{"line":31,"column":16},"end":{"line":33,"column":17}}],"line":31},"5":{"loc":{"start":{"line":34,"column":16},"end":{"line":38,"column":17}},"type":"if","locations":[{"start":{"line":34,"column":16},"end":{"line":38,"column":17}},{"start":{"line":34,"column":16},"end":{"line":38,"column":17}}],"line":34}},"s":{"0":1,"1":1,"2":1,"3":1,"4":0,"5":0,"6":0,"7":0,"8":0,"9":0,"10":0,"11":0,"12":0,"13":0,"14":0,"15":0,"16":0,"17":0,"18":0,"19":0,"20":0,"21":0,"22":0,"23":0,"24":1},"f":{"0":0,"1":0,"2":0},"b":{"0":[0,0],"1":[0,0],"2":[0,0],"3":[0,0],"4":[0,0],"5":[0,0]},"_coverageSchema":"43e27e138ebf9cfc5966b082cf9a028302ed4184","hash":"94a20af28d14910ceb6ccf9cae17c326a3a8739e","contentHash":"3696c9ccceda6c56ad0047c110e58e7147a3dea7787dfdb64537078bfedea2f1"},"/home/lamouchefatale/Desktop/families-share-deploy/src/routes/child-routes.js":{"path":"/home/lamouchefatale/Desktop/families-share-deploy/src/routes/child-routes.js","statementMap":{"0":{"start":{"line":1,"column":16},"end":{"line":1,"column":34}},"1":{"start":{"line":2,"column":15},"end":{"line":2,"column":35}},"2":{"start":{"line":4,"column":14},"end":{"line":4,"column":40}},"3":{"start":{"line":6,"column":0},"end":{"line":21,"column":3}},"4":{"start":{"line":7,"column":4},"end":{"line":7,"column":70}},"5":{"start":{"line":7,"column":22},"end":{"line":7,"column":70}},"6":{"start":{"line":8,"column":16},"end":{"line":8,"column":29}},"7":{"start":{"line":9,"column":4},"end":{"line":20,"column":7}},"8":{"start":{"line":12,"column":8},"end":{"line":14,"column":9}},"9":{"start":{"line":13,"column":12},"end":{"line":13,"column":57}},"10":{"start":{"line":15,"column":8},"end":{"line":19,"column":9}},"11":{"start":{"line":16,"column":12},"end":{"line":16,"column":31}},"12":{"start":{"line":18,"column":12},"end":{"line":18,"column":54}},"13":{"start":{"line":25,"column":0},"end":{"line":25,"column":24}}},"fnMap":{"0":{"name":"(anonymous_0)","decl":{"start":{"line":6,"column":16},"end":{"line":6,"column":17}},"loc":{"start":{"line":6,"column":28},"end":{"line":21,"column":1}},"line":6},"1":{"name":"(anonymous_1)","decl":{"start":{"line":11,"column":19},"end":{"line":11,"column":20}},"loc":{"start":{"line":11,"column":39},"end":{"line":20,"column":5}},"line":11}},"branchMap":{"0":{"loc":{"start":{"line":7,"column":4},"end":{"line":7,"column":70}},"type":"if","locations":[{"start":{"line":7,"column":4},"end":{"line":7,"column":70}},{"start":{"line":7,"column":4},"end":{"line":7,"column":70}}],"line":7},"1":{"loc":{"start":{"line":12,"column":8},"end":{"line":14,"column":9}},"type":"if","locations":[{"start":{"line":12,"column":8},"end":{"line":14,"column":9}},{"start":{"line":12,"column":8},"end":{"line":14,"column":9}}],"line":12},"2":{"loc":{"start":{"line":15,"column":8},"end":{"line":19,"column":9}},"type":"if","locations":[{"start":{"line":15,"column":8},"end":{"line":19,"column":9}},{"start":{"line":15,"column":8},"end":{"line":19,"column":9}}],"line":15}},"s":{"0":1,"1":1,"2":1,"3":1,"4":0,"5":0,"6":0,"7":0,"8":0,"9":0,"10":0,"11":0,"12":0,"13":1},"f":{"0":0,"1":0},"b":{"0":[0,0],"1":[0,0],"2":[0,0]},"_coverageSchema":"43e27e138ebf9cfc5966b082cf9a028302ed4184","hash":"707f8ce5328fe6dbffffe240023167f1fa4b8c4f","contentHash":"af4605361fe31d0accf8f83859046cf743f46d34e76e6c61f9b2cfdfec4a83ea"}}